Building DAG of jobs...
Provided cores: 6
Rules claiming more threads will be scaled down.
Job stats:
job          count    min threads    max threads
---------  -------  -------------  -------------
all              1              1              1
fig3D            1              1              1
opt_model        1              1              1
total            3              1              1

Select jobs to execute...

[Tue Nov 12 10:46:50 2024]
rule opt_model:
    input: dat_gen/params/fitness_function.csv
    output: dat_gen/params/optim_params.csv
    jobid: 2
    reason: Missing output files: dat_gen/params/optim_params.csv
    resources: tmpdir=C:\Users\meowy\AppData\Local\Temp, log_loc=./dat_gen/params/, mfree=3G, cluster_time=0:00:10:00, mem_mb=3G, disk_free=4G, disk_mb=4G, runtime=10

[Tue Nov 12 10:48:15 2024]
Finished job 2.
1 of 3 steps (33%) done
Select jobs to execute...

[Tue Nov 12 10:48:15 2024]
rule fig3D:
    input: dat_gen/params/optim_params.csv, dat_gen/params/fitness_function.csv
    output: res/fig3/D.rds
    jobid: 1
    reason: Missing output files: res/fig3/D.rds; Input files updated by another job: dat_gen/params/optim_params.csv; Set of input files has changed since last execution
    resources: tmpdir=C:\Users\meowy\AppData\Local\Temp, log_loc=./res/fig3/D, mfree=3G, cluster_time=0:00:10:00, mem_mb=3G, disk_free=4G, disk_mb=4G, runtime=10

[Tue Nov 12 10:48:20 2024]
Finished job 1.
2 of 3 steps (67%) done
Select jobs to execute...

[Tue Nov 12 10:48:20 2024]
localrule all:
    input: res/fig3/D.rds
    jobid: 0
    reason: Input files updated by another job: res/fig3/D.rds
    resources: tmpdir=C:\Users\meowy\AppData\Local\Temp

[Tue Nov 12 10:48:20 2024]
Finished job 0.
3 of 3 steps (100%) done
Complete log: .snakemake\log\2024-11-12T104650.841457.snakemake.log
