Building DAG of jobs...
Provided cores: 1 (use --cores to define parallelism)
Rules claiming more threads will be scaled down.
Job stats:
job          count    min threads    max threads
---------  -------  -------------  -------------
all              1              1              1
fig3B            1              1              1
fig3D            1              1              1
opt_model        1              1              1
total            4              1              1

Select jobs to execute...

[Tue Nov 12 10:43:28 2024]
rule fig3B:
    input: dat/tanner_pure_culture.csv, dat/tanner_mix_culture.csv
    output: res/fig3/B.rds, dat_gen/params/fitness_function.csv
    jobid: 3
    reason: Set of input files has changed since last execution
    resources: tmpdir=C:\Users\meowy\AppData\Local\Temp, log_loc=./res/fig3/B, mfree=3G, cluster_time=0:00:10:00, mem_mb=3G, disk_free=4G, disk_mb=4G, runtime=10

[Tue Nov 12 10:43:29 2024]
Finished job 3.
1 of 4 steps (25%) done
Select jobs to execute...

[Tue Nov 12 10:43:29 2024]
rule opt_model:
    input: dat_gen/params/fitness_function.csv
    output: dat_gen/params/optim_params.csv
    jobid: 2
    reason: Missing output files: dat_gen/params/optim_params.csv; Input files updated by another job: dat_gen/params/fitness_function.csv
    resources: tmpdir=C:\Users\meowy\AppData\Local\Temp, log_loc=./dat_gen/params/, mfree=3G, cluster_time=0:00:10:00, mem_mb=3G, disk_free=4G, disk_mb=4G, runtime=10

[Tue Nov 12 10:43:30 2024]
Error in rule opt_model:
    jobid: 2
    input: dat_gen/params/fitness_function.csv
    output: dat_gen/params/optim_params.csv

Shutting down, this might take some time.
Exiting because a job execution failed. Look above for error message
Complete log: .snakemake\log\2024-11-12T104328.193767.snakemake.log
