Building DAG of jobs...
Provided cores: 1 (use --cores to define parallelism)
Rules claiming more threads will be scaled down.
Job stats:
job                count    min threads    max threads
---------------  -------  -------------  -------------
all                    1              1              1
collate_all            1              1              1
collate_all_sup        1              1              1
fig4GH                 1              1              1
gen_fig4               1              1              1
gen_sfig5              1              1              1
gen_sfig6              1              1              1
sfig3                  1              1              1
sfig4                  1              1              1
sfig5A                 1              1              1
sfig6A                 1              1              1
total                 11              1              1

Select jobs to execute...

[Wed Apr 30 13:18:47 2025]
rule fig4GH:
    input: dat/collett_trial.csv, runs/ddt_logistic_mu_2e-05_2025-03-24/dat_gen/params/optim_params.csv, runs/ddt_logistic_mu_2e-05_2025-03-24/dat_gen/params/logistic_fitness_function.csv, runs/ddt_logistic_mu_2e-05_2025-03-24/dat_gen/sims/sim_clinical_trial.csv
    output: runs/ddt_logistic_mu_2e-05_2025-03-24/res/fig4/GH.rds
    jobid: 18
    reason: Missing output files: runs/ddt_logistic_mu_2e-05_2025-03-24/res/fig4/GH.rds
    resources: tmpdir=C:\Users\meowy\AppData\Local\Temp, log_loc=./log_scr/, mfree=3G, cluster_time=0:00:10:00, mem_mb=3G, disk_free=4G, disk_mb=4G, runtime=10, n_cores=1

[Wed Apr 30 13:18:50 2025]
Finished job 18.
1 of 11 steps (9%) done
Select jobs to execute...

[Wed Apr 30 13:18:50 2025]
rule gen_fig4:
    input: runs/ddt_logistic_mu_2e-05_2025-03-24/res/fig4/A.rds, runs/ddt_logistic_mu_2e-05_2025-03-24/res/fig4/D.rds, runs/ddt_logistic_mu_2e-05_2025-03-24/res/fig4/E.rds, runs/ddt_logistic_mu_2e-05_2025-03-24/res/fig4/F.rds, runs/ddt_logistic_mu_2e-05_2025-03-24/res/fig4/GH.rds
    output: runs/ddt_logistic_mu_2e-05_2025-03-24/res/fig4/fig4.pdf
    jobid: 11
    reason: Missing output files: runs/ddt_logistic_mu_2e-05_2025-03-24/res/fig4/fig4.pdf; Input files updated by another job: runs/ddt_logistic_mu_2e-05_2025-03-24/res/fig4/GH.rds; Set of input files has changed since last execution
    resources: tmpdir=C:\Users\meowy\AppData\Local\Temp, log_loc=./log_scr/, mfree=3G, cluster_time=0:00:10:00, mem_mb=3G, disk_free=4G, disk_mb=4G, runtime=10, n_cores=1

[Wed Apr 30 13:18:52 2025]
Finished job 11.
2 of 11 steps (18%) done
Select jobs to execute...

[Wed Apr 30 13:18:52 2025]
rule collate_all:
    input: runs/ddt_logistic_mu_2e-05_2025-03-24/res/fig2/fig2.pdf, runs/ddt_logistic_mu_2e-05_2025-03-24/res/fig3/fig3.pdf, runs/ddt_logistic_mu_2e-05_2025-03-24/res/fig4/fig4.pdf, runs/ddt_logistic_mu_2e-05_2025-03-24/res/fig5/fig5.pdf
    output: runs/ddt_logistic_mu_2e-05_2025-03-24/res/all_figs.pdf
    jobid: 1
    reason: Input files updated by another job: runs/ddt_logistic_mu_2e-05_2025-03-24/res/fig4/fig4.pdf
    resources: tmpdir=C:\Users\meowy\AppData\Local\Temp, log_loc=./log_scr/, mfree=3G, cluster_time=0:00:10:00, mem_mb=3G, disk_free=4G, disk_mb=4G, runtime=10, n_cores=1

[Wed Apr 30 13:18:53 2025]
Finished job 1.
3 of 11 steps (27%) done
Select jobs to execute...

[Wed Apr 30 13:18:53 2025]
rule sfig6A:
    input: runs/ddt_logistic_mu_2e-05_2025-03-24/dat_gen/params/optim_params.csv, runs/ddt_logistic_mu_2e-05_2025-03-24/dat_gen/params/logistic_fitness_function.csv
    output: runs/ddt_logistic_mu_2e-05_2025-03-24/res/sup/sfig6/A.rds
    jobid: 39
    reason: Code has changed since last execution
    resources: tmpdir=C:\Users\meowy\AppData\Local\Temp, log_loc=./log_scr/, mfree=3G, cluster_time=0:00:10:00, mem_mb=3G, disk_free=4G, disk_mb=4G, runtime=10, n_cores=1

[Wed Apr 30 13:19:02 2025]
Finished job 39.
4 of 11 steps (36%) done
Select jobs to execute...

[Wed Apr 30 13:19:02 2025]
rule gen_sfig6:
    input: runs/ddt_logistic_mu_2e-05_2025-03-24/res/sup/sfig6/A.rds, runs/ddt_logistic_mu_2e-05_2025-03-24/res/sup/sfig6/B.rds, runs/ddt_logistic_mu_2e-05_2025-03-24/res/sup/sfig6/C.rds
    output: runs/ddt_logistic_mu_2e-05_2025-03-24/res/sup/sfig6/sfig6.pdf
    jobid: 38
    reason: Input files updated by another job: runs/ddt_logistic_mu_2e-05_2025-03-24/res/sup/sfig6/A.rds
    resources: tmpdir=C:\Users\meowy\AppData\Local\Temp, log_loc=./log_scr/, mfree=3G, cluster_time=0:00:10:00, mem_mb=3G, disk_free=4G, disk_mb=4G, runtime=10, n_cores=1

[Wed Apr 30 13:19:06 2025]
Finished job 38.
5 of 11 steps (45%) done
Select jobs to execute...

[Wed Apr 30 13:19:06 2025]
rule sfig5A:
    input: runs/ddt_logistic_mu_2e-05_2025-03-24/dat_gen/params/optim_params.csv, runs/ddt_logistic_mu_2e-05_2025-03-24/dat_gen/params/logistic_fitness_function.csv
    output: runs/ddt_logistic_mu_2e-05_2025-03-24/res/sup/sfig5/A.rds
    jobid: 32
    reason: Code has changed since last execution
    resources: tmpdir=C:\Users\meowy\AppData\Local\Temp, log_loc=./log_scr/, mfree=3G, cluster_time=0:00:10:00, mem_mb=3G, disk_free=4G, disk_mb=4G, runtime=10, n_cores=1

[Wed Apr 30 13:19:08 2025]
Finished job 32.
6 of 11 steps (55%) done
Select jobs to execute...

[Wed Apr 30 13:19:08 2025]
rule gen_sfig5:
    input: runs/ddt_logistic_mu_2e-05_2025-03-24/res/sup/sfig5/A.rds, runs/ddt_logistic_mu_2e-05_2025-03-24/res/sup/sfig5/B.rds, runs/ddt_logistic_mu_2e-05_2025-03-24/res/sup/sfig5/C.rds, runs/ddt_logistic_mu_2e-05_2025-03-24/res/sup/sfig5/D.rds, runs/ddt_logistic_mu_2e-05_2025-03-24/res/sup/sfig5/E.rds, runs/ddt_logistic_mu_2e-05_2025-03-24/res/sup/sfig5/F.rds
    output: runs/ddt_logistic_mu_2e-05_2025-03-24/res/sup/sfig5/sfig5.pdf
    jobid: 31
    reason: Input files updated by another job: runs/ddt_logistic_mu_2e-05_2025-03-24/res/sup/sfig5/A.rds
    resources: tmpdir=C:\Users\meowy\AppData\Local\Temp, log_loc=./log_scr/, mfree=3G, cluster_time=0:00:10:00, mem_mb=3G, disk_free=4G, disk_mb=4G, runtime=10, n_cores=1

[Wed Apr 30 13:19:12 2025]
Finished job 31.
7 of 11 steps (64%) done
Select jobs to execute...

[Wed Apr 30 13:19:12 2025]
rule sfig3:
    output: runs/ddt_logistic_mu_2e-05_2025-03-24/res/sup/sfig3/sfig3.pdf
    jobid: 29
    reason: Code has changed since last execution
    resources: tmpdir=C:\Users\meowy\AppData\Local\Temp, log_loc=./log_scr/, mfree=3G, cluster_time=0:00:10:00, mem_mb=3G, disk_free=4G, disk_mb=4G, runtime=10, n_cores=1

[Wed Apr 30 13:19:26 2025]
Finished job 29.
8 of 11 steps (73%) done
Select jobs to execute...

[Wed Apr 30 13:19:26 2025]
rule sfig4:
    output: runs/ddt_logistic_mu_2e-05_2025-03-24/res/sup/sfig4/sfig4.pdf
    jobid: 30
    reason: Code has changed since last execution
    resources: tmpdir=C:\Users\meowy\AppData\Local\Temp, log_loc=./log_scr/, mfree=3G, cluster_time=0:00:10:00, mem_mb=3G, disk_free=4G, disk_mb=4G, runtime=10, n_cores=1

[Wed Apr 30 13:19:31 2025]
Finished job 30.
9 of 11 steps (82%) done
Select jobs to execute...

[Wed Apr 30 13:19:31 2025]
rule collate_all_sup:
    input: runs/ddt_logistic_mu_2e-05_2025-03-24/res/sup/sfig1/sfig1.pdf, runs/ddt_logistic_mu_2e-05_2025-03-24/res/sup/sfig2/sfig2.pdf, runs/ddt_logistic_mu_2e-05_2025-03-24/res/sup/sfig3/sfig3.pdf, runs/ddt_logistic_mu_2e-05_2025-03-24/res/sup/sfig4/sfig4.pdf, runs/ddt_logistic_mu_2e-05_2025-03-24/res/sup/sfig5/sfig5.pdf, runs/ddt_logistic_mu_2e-05_2025-03-24/res/sup/sfig6/sfig6.pdf
    output: runs/ddt_logistic_mu_2e-05_2025-03-24/res/all_sfigs.pdf
    jobid: 26
    reason: Input files updated by another job: runs/ddt_logistic_mu_2e-05_2025-03-24/res/sup/sfig5/sfig5.pdf, runs/ddt_logistic_mu_2e-05_2025-03-24/res/sup/sfig3/sfig3.pdf, runs/ddt_logistic_mu_2e-05_2025-03-24/res/sup/sfig6/sfig6.pdf, runs/ddt_logistic_mu_2e-05_2025-03-24/res/sup/sfig4/sfig4.pdf
    resources: tmpdir=C:\Users\meowy\AppData\Local\Temp, log_loc=./log_scr/, mfree=3G, cluster_time=0:00:10:00, mem_mb=3G, disk_free=4G, disk_mb=4G, runtime=10, n_cores=1

[Wed Apr 30 13:19:33 2025]
Finished job 26.
10 of 11 steps (91%) done
Select jobs to execute...

[Wed Apr 30 13:19:33 2025]
localrule all:
    input: runs/ddt_logistic_mu_2e-05_2025-03-24/res/all_figs.pdf, runs/ddt_logistic_mu_2e-05_2025-03-24/res/all_sfigs.pdf
    jobid: 0
    reason: Input files updated by another job: runs/ddt_logistic_mu_2e-05_2025-03-24/res/all_sfigs.pdf, runs/ddt_logistic_mu_2e-05_2025-03-24/res/all_figs.pdf
    resources: tmpdir=C:\Users\meowy\AppData\Local\Temp

[Wed Apr 30 13:19:33 2025]
Finished job 0.
11 of 11 steps (100%) done
Complete log: .snakemake\log\2025-04-30T131847.439038.snakemake.log
