Building DAG of jobs...
Provided cores: 1 (use --cores to define parallelism)
Rules claiming more threads will be scaled down.
Job stats:
job            count    min threads    max threads
-----------  -------  -------------  -------------
all                1              1              1
collate_all        1              1              1
fig2A              1              1              1
fig3C              1              1              1
fig3D              1              1              1
fig4A              1              1              1
fig4D              1              1              1
fig4E              1              1              1
fig5A              1              1              1
fig5B              1              1              1
fig5C              1              1              1
fig5D              1              1              1
fig5EF             1              1              1
fig6A              1              1              1
fig6B              1              1              1
fig6D              1              1              1
gen_fig2           1              1              1
gen_fig3           1              1              1
gen_fig4           1              1              1
gen_fig5           1              1              1
gen_fig6           1              1              1
total             21              1              1

Select jobs to execute...

[Tue Apr  1 16:44:22 2025]
rule fig5EF:
    input: runs/ddt_logistic_mu_2e-05_2025-03-24/dat_gen/params/optim_params.csv, runs/ddt_logistic_mu_2e-05_2025-03-24/dat_gen/params/logistic_fitness_function.csv, runs/ddt_logistic_mu_2e-05_2025-03-24/dat_gen/sims/full_dominance_trials.csv
    output: runs/ddt_logistic_mu_2e-05_2025-03-24/res/fig5/E.rds, runs/ddt_logistic_mu_2e-05_2025-03-24/res/fig5/F.rds
    jobid: 25
    reason: Code has changed since last execution
    resources: tmpdir=C:\Users\meowy\AppData\Local\Temp, log_loc=./log_scr/, mfree=3G, cluster_time=0:00:10:00, mem_mb=3G, disk_free=4G, disk_mb=4G, runtime=10, n_cores=1

[Tue Apr  1 16:44:29 2025]
Finished job 25.
1 of 21 steps (5%) done
Select jobs to execute...

[Tue Apr  1 16:44:29 2025]
rule fig5B:
    input: runs/ddt_logistic_mu_2e-05_2025-03-24/dat_gen/params/optim_params.csv, runs/ddt_logistic_mu_2e-05_2025-03-24/dat_gen/params/logistic_fitness_function.csv
    output: runs/ddt_logistic_mu_2e-05_2025-03-24/res/fig5/B.rds
    jobid: 22
    reason: Missing output files: runs/ddt_logistic_mu_2e-05_2025-03-24/res/fig5/B.rds
    resources: tmpdir=C:\Users\meowy\AppData\Local\Temp, log_loc=./log_scr/, mfree=3G, cluster_time=0:00:10:00, mem_mb=3G, disk_free=4G, disk_mb=4G, runtime=10, n_cores=10

[Tue Apr  1 16:44:47 2025]
Finished job 22.
2 of 21 steps (10%) done
Select jobs to execute...

[Tue Apr  1 16:44:47 2025]
rule fig3D:
    input: runs/ddt_logistic_mu_2e-05_2025-03-24/dat_gen/params/optim_params.csv, runs/ddt_logistic_mu_2e-05_2025-03-24/dat_gen/params/logistic_fitness_function.csv
    output: runs/ddt_logistic_mu_2e-05_2025-03-24/res/fig3/D.rds
    jobid: 9
    reason: Code has changed since last execution; Params have changed since last execution
    resources: tmpdir=C:\Users\meowy\AppData\Local\Temp, log_loc=./log_scr/, mfree=3G, cluster_time=0:00:10:00, mem_mb=3G, disk_free=4G, disk_mb=4G, runtime=10, n_cores=7

[Tue Apr  1 16:44:52 2025]
Finished job 9.
3 of 21 steps (14%) done
Select jobs to execute...

[Tue Apr  1 16:44:52 2025]
rule fig6B:
    input: runs/ddt_logistic_mu_2e-05_2025-03-24/dat_gen/params/optim_params.csv, runs/ddt_logistic_mu_2e-05_2025-03-24/dat_gen/params/logistic_fitness_function.csv
    output: runs/ddt_logistic_mu_2e-05_2025-03-24/res/fig6/B.rds
    jobid: 29
    reason: Code has changed since last execution; Params have changed since last execution
    resources: tmpdir=C:\Users\meowy\AppData\Local\Temp, log_loc=./log_scr/, mfree=3G, cluster_time=0:00:10:00, mem_mb=3G, disk_free=4G, disk_mb=4G, runtime=10, n_cores=10

[Tue Apr  1 16:45:10 2025]
Finished job 29.
4 of 21 steps (19%) done
Select jobs to execute...

[Tue Apr  1 16:45:10 2025]
rule fig4D:
    input: runs/ddt_logistic_mu_2e-05_2025-03-24/dat_gen/params/optim_params.csv, runs/ddt_logistic_mu_2e-05_2025-03-24/dat_gen/params/logistic_fitness_function.csv
    output: runs/ddt_logistic_mu_2e-05_2025-03-24/res/fig4/D.rds, runs/ddt_logistic_mu_2e-05_2025-03-24/dat_gen/sims/traj_for_phase_plane.csv
    jobid: 13
    reason: Code has changed since last execution; Params have changed since last execution
    resources: tmpdir=C:\Users\meowy\AppData\Local\Temp, log_loc=./log_scr/, mfree=3G, cluster_time=0:00:10:00, mem_mb=3G, disk_free=4G, disk_mb=4G, runtime=10, n_cores=1

[Tue Apr  1 16:45:23 2025]
Finished job 13.
5 of 21 steps (24%) done
Select jobs to execute...

[Tue Apr  1 16:45:23 2025]
rule fig4E:
    input: runs/ddt_logistic_mu_2e-05_2025-03-24/dat_gen/params/optim_params.csv, runs/ddt_logistic_mu_2e-05_2025-03-24/dat_gen/params/logistic_fitness_function.csv, runs/ddt_logistic_mu_2e-05_2025-03-24/dat_gen/sims/traj_for_phase_plane.csv
    output: runs/ddt_logistic_mu_2e-05_2025-03-24/res/fig4/E.rds
    jobid: 14
    reason: Input files updated by another job: runs/ddt_logistic_mu_2e-05_2025-03-24/dat_gen/sims/traj_for_phase_plane.csv
    resources: tmpdir=C:\Users\meowy\AppData\Local\Temp, log_loc=./log_scr/, mfree=3G, cluster_time=0:00:45:00, mem_mb=3G, disk_free=4G, disk_mb=4G, runtime=45, n_cores=10

[Tue Apr  1 16:45:50 2025]
Finished job 14.
6 of 21 steps (29%) done
Select jobs to execute...

[Tue Apr  1 16:45:50 2025]
rule fig5A:
    input: runs/ddt_logistic_mu_2e-05_2025-03-24/dat_gen/params/optim_params.csv, runs/ddt_logistic_mu_2e-05_2025-03-24/dat_gen/params/logistic_fitness_function.csv
    output: runs/ddt_logistic_mu_2e-05_2025-03-24/res/fig5/A.rds
    jobid: 21
    reason: Code has changed since last execution; Params have changed since last execution
    resources: tmpdir=C:\Users\meowy\AppData\Local\Temp, log_loc=./log_scr/, mfree=3G, cluster_time=0:00:10:00, mem_mb=3G, disk_free=4G, disk_mb=4G, runtime=10, n_cores=1

[Tue Apr  1 16:45:52 2025]
Finished job 21.
7 of 21 steps (33%) done
Select jobs to execute...

[Tue Apr  1 16:45:52 2025]
rule fig5C:
    input: runs/ddt_logistic_mu_2e-05_2025-03-24/dat_gen/params/optim_params.csv, runs/ddt_logistic_mu_2e-05_2025-03-24/dat_gen/params/logistic_fitness_function.csv
    output: runs/ddt_logistic_mu_2e-05_2025-03-24/res/fig5/C.rds
    jobid: 23
    reason: Code has changed since last execution; Params have changed since last execution
    resources: tmpdir=C:\Users\meowy\AppData\Local\Temp, log_loc=./log_scr/, mfree=3G, cluster_time=0:00:10:00, mem_mb=3G, disk_free=4G, disk_mb=4G, runtime=10, n_cores=1

[Tue Apr  1 16:46:13 2025]
Finished job 23.
8 of 21 steps (38%) done
Select jobs to execute...

[Tue Apr  1 16:46:13 2025]
rule fig4A:
    input: runs/ddt_logistic_mu_2e-05_2025-03-24/dat_gen/params/optim_params.csv, runs/ddt_logistic_mu_2e-05_2025-03-24/dat_gen/params/logistic_fitness_function.csv
    output: runs/ddt_logistic_mu_2e-05_2025-03-24/res/fig4/A.rds
    jobid: 12
    reason: Code has changed since last execution; Params have changed since last execution
    resources: tmpdir=C:\Users\meowy\AppData\Local\Temp, log_loc=./log_scr/, mfree=3G, cluster_time=0:00:30:00, mem_mb=3G, disk_free=4G, disk_mb=4G, runtime=30, n_cores=10

[Tue Apr  1 16:46:32 2025]
Finished job 12.
9 of 21 steps (43%) done
Select jobs to execute...

[Tue Apr  1 16:46:32 2025]
rule gen_fig4:
    input: runs/ddt_logistic_mu_2e-05_2025-03-24/res/fig4/A.rds, runs/ddt_logistic_mu_2e-05_2025-03-24/res/fig4/D.rds, runs/ddt_logistic_mu_2e-05_2025-03-24/res/fig4/E.rds, runs/ddt_logistic_mu_2e-05_2025-03-24/res/fig4/F.rds, runs/ddt_logistic_mu_2e-05_2025-03-24/res/fig4/G.rds, runs/ddt_logistic_mu_2e-05_2025-03-24/res/fig4/H.rds
    output: runs/ddt_logistic_mu_2e-05_2025-03-24/res/fig4/fig4.pdf
    jobid: 11
    reason: Input files updated by another job: runs/ddt_logistic_mu_2e-05_2025-03-24/res/fig4/A.rds, runs/ddt_logistic_mu_2e-05_2025-03-24/res/fig4/E.rds, runs/ddt_logistic_mu_2e-05_2025-03-24/res/fig4/D.rds
    resources: tmpdir=C:\Users\meowy\AppData\Local\Temp, log_loc=./log_scr/, mfree=3G, cluster_time=0:00:10:00, mem_mb=3G, disk_free=4G, disk_mb=4G, runtime=10, n_cores=1

[Tue Apr  1 16:46:37 2025]
Finished job 11.
10 of 21 steps (48%) done
Select jobs to execute...

[Tue Apr  1 16:46:37 2025]
rule fig6D:
    input: runs/ddt_logistic_mu_2e-05_2025-03-24/dat_gen/params/optim_params.csv, runs/ddt_logistic_mu_2e-05_2025-03-24/dat_gen/params/logistic_fitness_function.csv
    output: runs/ddt_logistic_mu_2e-05_2025-03-24/res/fig6/D.rds
    jobid: 31
    reason: Code has changed since last execution; Params have changed since last execution
    resources: tmpdir=C:\Users\meowy\AppData\Local\Temp, log_loc=./log_scr/, mfree=3G, cluster_time=0:00:10:00, mem_mb=3G, disk_free=4G, disk_mb=4G, runtime=10, n_cores=1

[Tue Apr  1 16:46:41 2025]
Finished job 31.
11 of 21 steps (52%) done
Select jobs to execute...

[Tue Apr  1 16:46:41 2025]
rule fig6A:
    input: runs/ddt_logistic_mu_2e-05_2025-03-24/dat_gen/params/optim_params.csv, runs/ddt_logistic_mu_2e-05_2025-03-24/dat_gen/params/logistic_fitness_function.csv
    output: runs/ddt_logistic_mu_2e-05_2025-03-24/res/fig6/A.rds
    jobid: 28
    reason: Code has changed since last execution; Params have changed since last execution
    resources: tmpdir=C:\Users\meowy\AppData\Local\Temp, log_loc=./log_scr/, mfree=3G, cluster_time=0:00:10:00, mem_mb=3G, disk_free=4G, disk_mb=4G, runtime=10, n_cores=1

[Tue Apr  1 16:46:43 2025]
Finished job 28.
12 of 21 steps (57%) done
Select jobs to execute...

[Tue Apr  1 16:46:43 2025]
rule gen_fig6:
    input: runs/ddt_logistic_mu_2e-05_2025-03-24/res/fig6/A.rds, runs/ddt_logistic_mu_2e-05_2025-03-24/res/fig6/B.rds, runs/ddt_logistic_mu_2e-05_2025-03-24/res/fig6/C.rds, runs/ddt_logistic_mu_2e-05_2025-03-24/res/fig6/D.rds, runs/ddt_logistic_mu_2e-05_2025-03-24/res/fig6/E.rds, runs/ddt_logistic_mu_2e-05_2025-03-24/res/fig6/F.rds
    output: runs/ddt_logistic_mu_2e-05_2025-03-24/res/fig6/fig6.pdf
    jobid: 27
    reason: Input files updated by another job: runs/ddt_logistic_mu_2e-05_2025-03-24/res/fig6/D.rds, runs/ddt_logistic_mu_2e-05_2025-03-24/res/fig6/A.rds, runs/ddt_logistic_mu_2e-05_2025-03-24/res/fig6/B.rds
    resources: tmpdir=C:\Users\meowy\AppData\Local\Temp, log_loc=./log_scr/, mfree=3G, cluster_time=0:00:10:00, mem_mb=3G, disk_free=4G, disk_mb=4G, runtime=10, n_cores=1

[Tue Apr  1 16:46:49 2025]
Finished job 27.
13 of 21 steps (62%) done
Select jobs to execute...

[Tue Apr  1 16:46:49 2025]
rule fig5D:
    input: runs/ddt_logistic_mu_2e-05_2025-03-24/dat_gen/params/optim_params.csv, runs/ddt_logistic_mu_2e-05_2025-03-24/dat_gen/params/logistic_fitness_function.csv
    output: runs/ddt_logistic_mu_2e-05_2025-03-24/res/fig5/D.rds
    jobid: 24
    reason: Code has changed since last execution; Params have changed since last execution
    resources: tmpdir=C:\Users\meowy\AppData\Local\Temp, log_loc=./log_scr/, mfree=3G, cluster_time=0:00:10:00, mem_mb=3G, disk_free=4G, disk_mb=4G, runtime=10, n_cores=1

[Tue Apr  1 16:46:51 2025]
Finished job 24.
14 of 21 steps (67%) done
Select jobs to execute...

[Tue Apr  1 16:46:51 2025]
rule gen_fig5:
    input: runs/ddt_logistic_mu_2e-05_2025-03-24/res/fig5/A.rds, runs/ddt_logistic_mu_2e-05_2025-03-24/res/fig5/B.rds, runs/ddt_logistic_mu_2e-05_2025-03-24/res/fig5/C.rds, runs/ddt_logistic_mu_2e-05_2025-03-24/res/fig5/D.rds, runs/ddt_logistic_mu_2e-05_2025-03-24/res/fig5/E.rds, runs/ddt_logistic_mu_2e-05_2025-03-24/res/fig5/F.rds
    output: runs/ddt_logistic_mu_2e-05_2025-03-24/res/fig5/fig5.pdf
    jobid: 20
    reason: Input files updated by another job: runs/ddt_logistic_mu_2e-05_2025-03-24/res/fig5/A.rds, runs/ddt_logistic_mu_2e-05_2025-03-24/res/fig5/C.rds, runs/ddt_logistic_mu_2e-05_2025-03-24/res/fig5/B.rds, runs/ddt_logistic_mu_2e-05_2025-03-24/res/fig5/F.rds, runs/ddt_logistic_mu_2e-05_2025-03-24/res/fig5/E.rds, runs/ddt_logistic_mu_2e-05_2025-03-24/res/fig5/D.rds
    resources: tmpdir=C:\Users\meowy\AppData\Local\Temp, log_loc=./log_scr/, mfree=3G, cluster_time=0:00:10:00, mem_mb=3G, disk_free=4G, disk_mb=4G, runtime=10, n_cores=1

[Tue Apr  1 16:46:55 2025]
Finished job 20.
15 of 21 steps (71%) done
Select jobs to execute...

[Tue Apr  1 16:46:55 2025]
rule fig3C:
    input: dat/tanner_pure_culture.csv, dat/tanner_mix_culture.csv
    output: runs/ddt_logistic_mu_2e-05_2025-03-24/res/fig3/C.rds
    jobid: 8
    reason: Code has changed since last execution; Params have changed since last execution
    resources: tmpdir=C:\Users\meowy\AppData\Local\Temp, log_loc=./log_scr/, mfree=3G, cluster_time=0:00:10:00, mem_mb=3G, disk_free=4G, disk_mb=4G, runtime=10, n_cores=1

[Tue Apr  1 16:46:57 2025]
Finished job 8.
16 of 21 steps (76%) done
Select jobs to execute...

[Tue Apr  1 16:46:57 2025]
rule gen_fig3:
    input: runs/ddt_logistic_mu_2e-05_2025-03-24/res/fig3/B.rds, runs/ddt_logistic_mu_2e-05_2025-03-24/res/fig3/C.rds, runs/ddt_logistic_mu_2e-05_2025-03-24/res/fig3/D.rds
    output: runs/ddt_logistic_mu_2e-05_2025-03-24/res/fig3/fig3.pdf
    jobid: 5
    reason: Input files updated by another job: runs/ddt_logistic_mu_2e-05_2025-03-24/res/fig3/C.rds, runs/ddt_logistic_mu_2e-05_2025-03-24/res/fig3/D.rds
    resources: tmpdir=C:\Users\meowy\AppData\Local\Temp, log_loc=./log_scr/, mfree=3G, cluster_time=0:00:10:00, mem_mb=3G, disk_free=4G, disk_mb=4G, runtime=10, n_cores=1

[Tue Apr  1 16:47:00 2025]
Finished job 5.
17 of 21 steps (81%) done
Select jobs to execute...

[Tue Apr  1 16:47:00 2025]
rule fig2A:
    input: dat/tanner_pure_culture.csv, dat/tanner_mix_culture.csv
    output: runs/ddt_logistic_mu_2e-05_2025-03-24/res/fig2/A.rds
    jobid: 3
    reason: Code has changed since last execution; Params have changed since last execution
    resources: tmpdir=C:\Users\meowy\AppData\Local\Temp, log_loc=./log_scr/, mfree=3G, cluster_time=0:00:10:00, mem_mb=3G, disk_free=4G, disk_mb=4G, runtime=10, n_cores=1

[Tue Apr  1 16:47:03 2025]
Finished job 3.
18 of 21 steps (86%) done
Select jobs to execute...

[Tue Apr  1 16:47:03 2025]
rule gen_fig2:
    input: runs/ddt_logistic_mu_2e-05_2025-03-24/res/fig2/A.rds, runs/ddt_logistic_mu_2e-05_2025-03-24/res/fig2/B.rds
    output: runs/ddt_logistic_mu_2e-05_2025-03-24/res/fig2/fig2.pdf
    jobid: 2
    reason: Input files updated by another job: runs/ddt_logistic_mu_2e-05_2025-03-24/res/fig2/A.rds
    resources: tmpdir=C:\Users\meowy\AppData\Local\Temp, log_loc=./log_scr/, mfree=3G, cluster_time=0:00:10:00, mem_mb=3G, disk_free=4G, disk_mb=4G, runtime=10, n_cores=1

[Tue Apr  1 16:47:05 2025]
Finished job 2.
19 of 21 steps (90%) done
Select jobs to execute...

[Tue Apr  1 16:47:05 2025]
rule collate_all:
    input: runs/ddt_logistic_mu_2e-05_2025-03-24/res/fig2/fig2.pdf, runs/ddt_logistic_mu_2e-05_2025-03-24/res/fig3/fig3.pdf, runs/ddt_logistic_mu_2e-05_2025-03-24/res/fig4/fig4.pdf, runs/ddt_logistic_mu_2e-05_2025-03-24/res/fig5/fig5.pdf, runs/ddt_logistic_mu_2e-05_2025-03-24/res/fig6/fig6.pdf
    output: runs/ddt_logistic_mu_2e-05_2025-03-24/res/all_figs.pdf
    jobid: 1
    reason: Input files updated by another job: runs/ddt_logistic_mu_2e-05_2025-03-24/res/fig4/fig4.pdf, runs/ddt_logistic_mu_2e-05_2025-03-24/res/fig5/fig5.pdf, runs/ddt_logistic_mu_2e-05_2025-03-24/res/fig6/fig6.pdf, runs/ddt_logistic_mu_2e-05_2025-03-24/res/fig3/fig3.pdf, runs/ddt_logistic_mu_2e-05_2025-03-24/res/fig2/fig2.pdf
    resources: tmpdir=C:\Users\meowy\AppData\Local\Temp, log_loc=./log_scr/, mfree=3G, cluster_time=0:00:10:00, mem_mb=3G, disk_free=4G, disk_mb=4G, runtime=10, n_cores=1

[Tue Apr  1 16:47:06 2025]
Finished job 1.
20 of 21 steps (95%) done
Select jobs to execute...

[Tue Apr  1 16:47:06 2025]
localrule all:
    input: runs/ddt_logistic_mu_2e-05_2025-03-24/res/all_figs.pdf
    jobid: 0
    reason: Input files updated by another job: runs/ddt_logistic_mu_2e-05_2025-03-24/res/all_figs.pdf
    resources: tmpdir=C:\Users\meowy\AppData\Local\Temp

[Tue Apr  1 16:47:06 2025]
Finished job 0.
21 of 21 steps (100%) done
Complete log: .snakemake\log\2025-04-01T164422.524478.snakemake.log
