Building DAG of jobs...
Using shell: /bin/bash
Provided cluster nodes: 1
Job stats:
job                        count    min threads    max threads
-----------------------  -------  -------------  -------------
all                            1              1              1
altdrugtrials                  1              1              1
collate_plots                  1              1              1
fig3B                          1              1              1
fig3C                          1              1              1
fig4A                          1              1              1
fig4E                          1              1              1
fig5B                          1              1              1
fig5C                          1              1              1
fig6CDE                        1              1              1
optim_clin_trial_params        1              1              1
sim_clin_trial                 1              1              1
total                         12              1              1

Select jobs to execute...

[Mon Mar 24 15:08:53 2025]
rule fig3B:
    input: runs/ddt_logistic_mu_2e-05_2025-03-24/dat_gen/params/logistic_fitness_function.csv, runs/ddt_logistic_mu_2e-05_2025-03-24/dat_gen/params/tan_fit_df.csv
    output: runs/ddt_logistic_mu_2e-05_2025-03-24/res/fig3/B.rds
    jobid: 4
    reason: Missing output files: runs/ddt_logistic_mu_2e-05_2025-03-24/res/fig3/B.rds
    resources: mem_mb=3G, disk_mb=4G, tmpdir=<TBD>, log_loc=./log_scr/, mfree=3G, cluster_time=0:00:10:00, disk_free=4G, runtime=10, n_cores=1

Submitted job 4 with external jobid 'modified hard resource list of job 0'.
[Mon Mar 24 15:09:13 2025]
Finished job 4.
1 of 12 steps (8%) done
Select jobs to execute...

[Mon Mar 24 15:09:13 2025]
rule fig4A:
    input: runs/ddt_logistic_mu_2e-05_2025-03-24/dat_gen/params/optim_params.csv, runs/ddt_logistic_mu_2e-05_2025-03-24/dat_gen/params/logistic_fitness_function.csv
    output: runs/ddt_logistic_mu_2e-05_2025-03-24/res/fig4/A.rds
    jobid: 9
    reason: Missing output files: runs/ddt_logistic_mu_2e-05_2025-03-24/res/fig4/A.rds
    resources: mem_mb=3G, disk_mb=4G, tmpdir=<TBD>, log_loc=./log_scr/, mfree=3G, cluster_time=0:00:30:00, disk_free=4G, runtime=30, n_cores=10

Submitted job 9 with external jobid 'modified hard resource list of job 0'.
[Mon Mar 24 15:09:33 2025]
Finished job 9.
2 of 12 steps (17%) done
Select jobs to execute...

[Mon Mar 24 15:09:33 2025]
rule optim_clin_trial_params:
    input: dat/collett_trial.csv, runs/ddt_logistic_mu_2e-05_2025-03-24/dat_gen/params/optim_params.csv, runs/ddt_logistic_mu_2e-05_2025-03-24/dat_gen/params/logistic_fitness_function.csv
    output: runs/ddt_logistic_mu_2e-05_2025-03-24/dat_gen/params/optim_clin_trial_params.rds, runs/ddt_logistic_mu_2e-05_2025-03-24/dat_gen/params/optim_clin_trial_params.csv
    jobid: 14
    reason: Updated input files: runs/ddt_logistic_mu_2e-05_2025-03-24/dat_gen/params/optim_params.csv, runs/ddt_logistic_mu_2e-05_2025-03-24/dat_gen/params/logistic_fitness_function.csv
    resources: mem_mb=3G, disk_mb=4G, tmpdir=<TBD>, log_loc=./log_scr/, mfree=3G, cluster_time=4:00:00:00, disk_free=4G, runtime=5760, n_cores=20-25

Submitted job 14 with external jobid 'modified hard resource list of job 0'.
