Building DAG of jobs...
Provided cores: 1 (use --cores to define parallelism)
Rules claiming more threads will be scaled down.
Job stats:
job            count    min threads    max threads
-----------  -------  -------------  -------------
all                1              1              1
collate_all        1              1              1
fig5EF             1              1              1
fig6D              1              1              1
gen_fig5           1              1              1
gen_fig6           1              1              1
total              6              1              1

Select jobs to execute...

[Tue Apr  1 10:26:19 2025]
rule fig5EF:
    input: runs/ddt_logistic_mu_2e-05_2025-03-24/dat_gen/params/optim_params.csv, runs/ddt_logistic_mu_2e-05_2025-03-24/dat_gen/params/logistic_fitness_function.csv, runs/ddt_logistic_mu_2e-05_2025-03-24/dat_gen/sims/full_dominance_trials.csv
    output: runs/ddt_logistic_mu_2e-05_2025-03-24/res/fig5/E.rds, runs/ddt_logistic_mu_2e-05_2025-03-24/res/fig5/F.rds
    jobid: 25
    reason: Code has changed since last execution
    resources: tmpdir=C:\Users\meowy\AppData\Local\Temp, log_loc=./log_scr/, mfree=3G, cluster_time=0:00:10:00, mem_mb=3G, disk_free=4G, disk_mb=4G, runtime=10, n_cores=1

[Tue Apr  1 10:26:26 2025]
Finished job 25.
1 of 6 steps (17%) done
Select jobs to execute...

[Tue Apr  1 10:26:26 2025]
rule gen_fig5:
    input: runs/ddt_logistic_mu_2e-05_2025-03-24/res/fig5/A.rds, runs/ddt_logistic_mu_2e-05_2025-03-24/res/fig5/B.rds, runs/ddt_logistic_mu_2e-05_2025-03-24/res/fig5/C.rds, runs/ddt_logistic_mu_2e-05_2025-03-24/res/fig5/D.rds, runs/ddt_logistic_mu_2e-05_2025-03-24/res/fig5/E.rds, runs/ddt_logistic_mu_2e-05_2025-03-24/res/fig5/F.rds
    output: runs/ddt_logistic_mu_2e-05_2025-03-24/res/fig5/fig5.pdf
    jobid: 20
    reason: Input files updated by another job: runs/ddt_logistic_mu_2e-05_2025-03-24/res/fig5/F.rds, runs/ddt_logistic_mu_2e-05_2025-03-24/res/fig5/E.rds
    resources: tmpdir=C:\Users\meowy\AppData\Local\Temp, log_loc=./log_scr/, mfree=3G, cluster_time=0:00:10:00, mem_mb=3G, disk_free=4G, disk_mb=4G, runtime=10, n_cores=1

[Tue Apr  1 10:26:30 2025]
Finished job 20.
2 of 6 steps (33%) done
Select jobs to execute...

[Tue Apr  1 10:26:30 2025]
rule fig6D:
    input: runs/ddt_logistic_mu_2e-05_2025-03-24/dat_gen/params/optim_params.csv, runs/ddt_logistic_mu_2e-05_2025-03-24/dat_gen/params/logistic_fitness_function.csv
    output: runs/ddt_logistic_mu_2e-05_2025-03-24/res/fig6/D.rds
    jobid: 31
    reason: Code has changed since last execution
    resources: tmpdir=C:\Users\meowy\AppData\Local\Temp, log_loc=./log_scr/, mfree=3G, cluster_time=0:00:10:00, mem_mb=3G, disk_free=4G, disk_mb=4G, runtime=10, n_cores=1

[Tue Apr  1 10:26:34 2025]
Finished job 31.
3 of 6 steps (50%) done
Select jobs to execute...

[Tue Apr  1 10:26:34 2025]
rule gen_fig6:
    input: runs/ddt_logistic_mu_2e-05_2025-03-24/res/fig6/A.rds, runs/ddt_logistic_mu_2e-05_2025-03-24/res/fig6/B.rds, runs/ddt_logistic_mu_2e-05_2025-03-24/res/fig6/C.rds, runs/ddt_logistic_mu_2e-05_2025-03-24/res/fig6/D.rds, runs/ddt_logistic_mu_2e-05_2025-03-24/res/fig6/E.rds, runs/ddt_logistic_mu_2e-05_2025-03-24/res/fig6/F.rds
    output: runs/ddt_logistic_mu_2e-05_2025-03-24/res/fig6/fig6.pdf
    jobid: 27
    reason: Input files updated by another job: runs/ddt_logistic_mu_2e-05_2025-03-24/res/fig6/D.rds
    resources: tmpdir=C:\Users\meowy\AppData\Local\Temp, log_loc=./log_scr/, mfree=3G, cluster_time=0:00:10:00, mem_mb=3G, disk_free=4G, disk_mb=4G, runtime=10, n_cores=1

[Tue Apr  1 10:26:42 2025]
Finished job 27.
4 of 6 steps (67%) done
Select jobs to execute...

[Tue Apr  1 10:26:42 2025]
rule collate_all:
    input: runs/ddt_logistic_mu_2e-05_2025-03-24/res/fig2/fig2.pdf, runs/ddt_logistic_mu_2e-05_2025-03-24/res/fig3/fig3.pdf, runs/ddt_logistic_mu_2e-05_2025-03-24/res/fig4/fig4.pdf, runs/ddt_logistic_mu_2e-05_2025-03-24/res/fig5/fig5.pdf, runs/ddt_logistic_mu_2e-05_2025-03-24/res/fig6/fig6.pdf
    output: runs/ddt_logistic_mu_2e-05_2025-03-24/res/all_figs.pdf
    jobid: 1
    reason: Input files updated by another job: runs/ddt_logistic_mu_2e-05_2025-03-24/res/fig5/fig5.pdf, runs/ddt_logistic_mu_2e-05_2025-03-24/res/fig6/fig6.pdf
    resources: tmpdir=C:\Users\meowy\AppData\Local\Temp, log_loc=./log_scr/, mfree=3G, cluster_time=0:00:10:00, mem_mb=3G, disk_free=4G, disk_mb=4G, runtime=10, n_cores=1

[Tue Apr  1 10:26:43 2025]
Finished job 1.
5 of 6 steps (83%) done
Select jobs to execute...

[Tue Apr  1 10:26:43 2025]
localrule all:
    input: runs/ddt_logistic_mu_2e-05_2025-03-24/res/all_figs.pdf
    jobid: 0
    reason: Input files updated by another job: runs/ddt_logistic_mu_2e-05_2025-03-24/res/all_figs.pdf
    resources: tmpdir=C:\Users\meowy\AppData\Local\Temp

[Tue Apr  1 10:26:43 2025]
Finished job 0.
6 of 6 steps (100%) done
Complete log: .snakemake\log\2025-04-01T102619.480367.snakemake.log
