Building DAG of jobs...
Provided cores: 1 (use --cores to define parallelism)
Rules claiming more threads will be scaled down.
Job stats:
job                count    min threads    max threads
---------------  -------  -------------  -------------
all                    1              1              1
collate_all            1              1              1
collate_all_sup        1              1              1
fig4D                  1              1              1
fig4E                  1              1              1
gen_fig4               1              1              1
sfig4                  1              1              1
total                  7              1              1

Select jobs to execute...

[Tue May 13 15:40:30 2025]
rule sfig4:
    input: runs/ddt_logistic_mu_2e-05_2025-05-09/dat_gen/params/logistic_fitness_function.csv, runs/ddt_logistic_mu_2e-05_2025-05-09/dat_gen/sims/sim_clinical_trial.csv
    output: runs/ddt_logistic_mu_2e-05_2025-05-09/res/sup/sfig4/sfig4.pdf
    jobid: 28
    reason: Code has changed since last execution
    resources: tmpdir=C:\Users\meowy\AppData\Local\Temp, log_loc=./log_scr/, mfree=3G, cluster_time=0:00:10:00, mem_mb=3G, disk_free=4G, disk_mb=4G, runtime=10, n_cores=1

[Tue May 13 15:40:34 2025]
Finished job 28.
1 of 7 steps (14%) done
Select jobs to execute...

[Tue May 13 15:40:34 2025]
rule collate_all_sup:
    input: runs/ddt_logistic_mu_2e-05_2025-05-09/res/sup/sfig1/sfig1.pdf, runs/ddt_logistic_mu_2e-05_2025-05-09/res/sup/sfig2/sfig2.pdf, runs/ddt_logistic_mu_2e-05_2025-05-09/res/sup/sfig3/sfig3.pdf, runs/ddt_logistic_mu_2e-05_2025-05-09/res/sup/sfig4/sfig4.pdf, runs/ddt_logistic_mu_2e-05_2025-05-09/res/sup/sfig5/sfig5.pdf, runs/ddt_logistic_mu_2e-05_2025-05-09/res/sup/sfig6/sfig6.pdf
    output: runs/ddt_logistic_mu_2e-05_2025-05-09/res/all_sfigs.pdf
    jobid: 24
    reason: Input files updated by another job: runs/ddt_logistic_mu_2e-05_2025-05-09/res/sup/sfig4/sfig4.pdf
    resources: tmpdir=C:\Users\meowy\AppData\Local\Temp, log_loc=./log_scr/, mfree=3G, cluster_time=0:00:10:00, mem_mb=3G, disk_free=4G, disk_mb=4G, runtime=10, n_cores=1

[Tue May 13 15:40:36 2025]
Finished job 24.
2 of 7 steps (29%) done
Select jobs to execute...

[Tue May 13 15:40:36 2025]
rule fig4D:
    input: runs/ddt_logistic_mu_2e-05_2025-05-09/dat_gen/params/optim_params.csv, runs/ddt_logistic_mu_2e-05_2025-05-09/dat_gen/params/logistic_fitness_function.csv
    output: runs/ddt_logistic_mu_2e-05_2025-05-09/res/fig4/D.rds, runs/ddt_logistic_mu_2e-05_2025-05-09/dat_gen/sims/traj_for_phase_plane.csv
    jobid: 13
    reason: Code has changed since last execution
    resources: tmpdir=C:\Users\meowy\AppData\Local\Temp, log_loc=./log_scr/, mfree=3G, cluster_time=0:00:10:00, mem_mb=3G, disk_free=4G, disk_mb=4G, runtime=10, n_cores=1

[Tue May 13 15:40:48 2025]
Finished job 13.
3 of 7 steps (43%) done
Select jobs to execute...

[Tue May 13 15:40:48 2025]
rule fig4E:
    input: runs/ddt_logistic_mu_2e-05_2025-05-09/dat_gen/params/optim_params.csv, runs/ddt_logistic_mu_2e-05_2025-05-09/dat_gen/params/logistic_fitness_function.csv, runs/ddt_logistic_mu_2e-05_2025-05-09/dat_gen/sims/traj_for_phase_plane.csv
    output: runs/ddt_logistic_mu_2e-05_2025-05-09/res/fig4/E.rds
    jobid: 14
    reason: Input files updated by another job: runs/ddt_logistic_mu_2e-05_2025-05-09/dat_gen/sims/traj_for_phase_plane.csv
    resources: tmpdir=C:\Users\meowy\AppData\Local\Temp, log_loc=./log_scr/, mfree=3G, cluster_time=0:00:45:00, mem_mb=3G, disk_free=4G, disk_mb=4G, runtime=45, n_cores=10

[Tue May 13 15:41:09 2025]
Error in rule fig4E:
    jobid: 14
    input: runs/ddt_logistic_mu_2e-05_2025-05-09/dat_gen/params/optim_params.csv, runs/ddt_logistic_mu_2e-05_2025-05-09/dat_gen/params/logistic_fitness_function.csv, runs/ddt_logistic_mu_2e-05_2025-05-09/dat_gen/sims/traj_for_phase_plane.csv
    output: runs/ddt_logistic_mu_2e-05_2025-05-09/res/fig4/E.rds

Terminating processes on user request, this might take some time.
Complete log: .snakemake\log\2025-05-13T154030.402116.snakemake.log
