Building DAG of jobs...
Provided cores: 1 (use --cores to define parallelism)
Rules claiming more threads will be scaled down.
Job stats:
job                count    min threads    max threads
---------------  -------  -------------  -------------
all                    1              1              1
collate_all            1              1              1
collate_all_sup        1              1              1
fig5CD                 1              1              1
gen_fig5               1              1              1
gen_sfig5              1              1              1
sfig5EF                1              1              1
total                  7              1              1

Select jobs to execute...

[Wed May 14 09:18:56 2025]
rule sfig5EF:
    input: runs/ddt_logistic_mu_2e-05_2025-05-09/dat_gen/params/optim_params.csv, runs/ddt_logistic_mu_2e-05_2025-05-09/dat_gen/params/logistic_fitness_function.csv, runs/ddt_logistic_mu_2e-05_2025-05-09/dat_gen/sims/full_dominance_trials.csv
    output: runs/ddt_logistic_mu_2e-05_2025-05-09/res/sup/sfig5/E.rds, runs/ddt_logistic_mu_2e-05_2025-05-09/res/sup/sfig5/F.rds
    jobid: 34
    reason: Code has changed since last execution
    resources: tmpdir=C:\Users\meowy\AppData\Local\Temp, log_loc=./log_scr/, mfree=3G, cluster_time=0:00:10:00, mem_mb=3G, disk_free=4G, disk_mb=4G, runtime=10, n_cores=1

[Wed May 14 09:19:00 2025]
Finished job 34.
1 of 7 steps (14%) done
Select jobs to execute...

[Wed May 14 09:19:00 2025]
rule fig5CD:
    input: runs/ddt_logistic_mu_2e-05_2025-05-09/dat_gen/params/optim_params.csv, runs/ddt_logistic_mu_2e-05_2025-05-09/dat_gen/params/logistic_fitness_function.csv, runs/ddt_logistic_mu_2e-05_2025-05-09/dat_gen/sims/full_stringency_trials.csv
    output: runs/ddt_logistic_mu_2e-05_2025-05-09/res/fig5/C.rds, runs/ddt_logistic_mu_2e-05_2025-05-09/res/fig5/D.rds
    jobid: 22
    reason: Code has changed since last execution
    resources: tmpdir=C:\Users\meowy\AppData\Local\Temp, log_loc=./log_scr/, mfree=3G, cluster_time=0:00:10:00, mem_mb=3G, disk_free=4G, disk_mb=4G, runtime=10, n_cores=1

[Wed May 14 09:19:04 2025]
Finished job 22.
2 of 7 steps (29%) done
Select jobs to execute...

[Wed May 14 09:19:04 2025]
rule gen_sfig5:
    input: runs/ddt_logistic_mu_2e-05_2025-05-09/res/sup/sfig5/A.rds, runs/ddt_logistic_mu_2e-05_2025-05-09/res/sup/sfig5/B.rds, runs/ddt_logistic_mu_2e-05_2025-05-09/res/sup/sfig5/C.rds, runs/ddt_logistic_mu_2e-05_2025-05-09/res/sup/sfig5/D.rds, runs/ddt_logistic_mu_2e-05_2025-05-09/res/sup/sfig5/E.rds, runs/ddt_logistic_mu_2e-05_2025-05-09/res/sup/sfig5/F.rds
    output: runs/ddt_logistic_mu_2e-05_2025-05-09/res/sup/sfig5/sfig5.pdf
    jobid: 29
    reason: Input files updated by another job: runs/ddt_logistic_mu_2e-05_2025-05-09/res/sup/sfig5/F.rds, runs/ddt_logistic_mu_2e-05_2025-05-09/res/sup/sfig5/E.rds
    resources: tmpdir=C:\Users\meowy\AppData\Local\Temp, log_loc=./log_scr/, mfree=3G, cluster_time=0:00:10:00, mem_mb=3G, disk_free=4G, disk_mb=4G, runtime=10, n_cores=1

[Wed May 14 09:19:07 2025]
Finished job 29.
3 of 7 steps (43%) done
Select jobs to execute...

[Wed May 14 09:19:07 2025]
rule gen_fig5:
    input: runs/ddt_logistic_mu_2e-05_2025-05-09/res/fig5/A.rds, runs/ddt_logistic_mu_2e-05_2025-05-09/res/fig5/B.rds, runs/ddt_logistic_mu_2e-05_2025-05-09/res/fig5/C.rds, runs/ddt_logistic_mu_2e-05_2025-05-09/res/fig5/D.rds
    output: runs/ddt_logistic_mu_2e-05_2025-05-09/res/fig5/fig5.pdf
    jobid: 19
    reason: Input files updated by another job: runs/ddt_logistic_mu_2e-05_2025-05-09/res/fig5/C.rds, runs/ddt_logistic_mu_2e-05_2025-05-09/res/fig5/D.rds
    resources: tmpdir=C:\Users\meowy\AppData\Local\Temp, log_loc=./log_scr/, mfree=3G, cluster_time=0:00:10:00, mem_mb=3G, disk_free=4G, disk_mb=4G, runtime=10, n_cores=1

[Wed May 14 09:19:10 2025]
Finished job 19.
4 of 7 steps (57%) done
Select jobs to execute...

[Wed May 14 09:19:10 2025]
rule collate_all_sup:
    input: runs/ddt_logistic_mu_2e-05_2025-05-09/res/sup/sfig1/sfig1.pdf, runs/ddt_logistic_mu_2e-05_2025-05-09/res/sup/sfig2/sfig2.pdf, runs/ddt_logistic_mu_2e-05_2025-05-09/res/sup/sfig3/sfig3.pdf, runs/ddt_logistic_mu_2e-05_2025-05-09/res/sup/sfig4/sfig4.pdf, runs/ddt_logistic_mu_2e-05_2025-05-09/res/sup/sfig5/sfig5.pdf, runs/ddt_logistic_mu_2e-05_2025-05-09/res/sup/sfig6/sfig6.pdf
    output: runs/ddt_logistic_mu_2e-05_2025-05-09/res/all_sfigs.pdf
    jobid: 24
    reason: Input files updated by another job: runs/ddt_logistic_mu_2e-05_2025-05-09/res/sup/sfig5/sfig5.pdf
    resources: tmpdir=C:\Users\meowy\AppData\Local\Temp, log_loc=./log_scr/, mfree=3G, cluster_time=0:00:10:00, mem_mb=3G, disk_free=4G, disk_mb=4G, runtime=10, n_cores=1

[Wed May 14 09:19:11 2025]
Finished job 24.
5 of 7 steps (71%) done
Select jobs to execute...

[Wed May 14 09:19:11 2025]
rule collate_all:
    input: runs/ddt_logistic_mu_2e-05_2025-05-09/res/fig2/fig2.pdf, runs/ddt_logistic_mu_2e-05_2025-05-09/res/fig3/fig3.pdf, runs/ddt_logistic_mu_2e-05_2025-05-09/res/fig4/fig4.pdf, runs/ddt_logistic_mu_2e-05_2025-05-09/res/fig5/fig5.pdf
    output: runs/ddt_logistic_mu_2e-05_2025-05-09/res/all_figs.pdf
    jobid: 1
    reason: Input files updated by another job: runs/ddt_logistic_mu_2e-05_2025-05-09/res/fig5/fig5.pdf
    resources: tmpdir=C:\Users\meowy\AppData\Local\Temp, log_loc=./log_scr/, mfree=3G, cluster_time=0:00:10:00, mem_mb=3G, disk_free=4G, disk_mb=4G, runtime=10, n_cores=1

[Wed May 14 09:19:12 2025]
Finished job 1.
6 of 7 steps (86%) done
Select jobs to execute...

[Wed May 14 09:19:12 2025]
localrule all:
    input: runs/ddt_logistic_mu_2e-05_2025-05-09/res/all_figs.pdf, runs/ddt_logistic_mu_2e-05_2025-05-09/res/all_sfigs.pdf
    jobid: 0
    reason: Input files updated by another job: runs/ddt_logistic_mu_2e-05_2025-05-09/res/all_sfigs.pdf, runs/ddt_logistic_mu_2e-05_2025-05-09/res/all_figs.pdf
    resources: tmpdir=C:\Users\meowy\AppData\Local\Temp

[Wed May 14 09:19:12 2025]
Finished job 0.
7 of 7 steps (100%) done
Complete log: .snakemake\log\2025-05-14T091856.010824.snakemake.log
