Building DAG of jobs...
Using shell: /bin/bash
Provided cluster nodes: 1
Job stats:
job                        count    min threads    max threads
-----------------------  -------  -------------  -------------
all                            1              1              1
altdrugtrials                  1              1              1
collate_plots                  1              1              1
fig3B                          1              1              1
fig3C                          1              1              1
fig4A                          1              1              1
fig4E                          1              1              1
fig5B                          1              1              1
fig5C                          1              1              1
fig6CDE                        1              1              1
optim_clin_trial_params        1              1              1
sim_clin_trial                 1              1              1
total                         12              1              1

Select jobs to execute...

[Mon Mar 24 15:04:27 2025]
rule fig3B:
    input: runs/ddt_logistic_mu_2e-05_2025-03-24/dat_gen/params/logistic_fitness_function.csv, runs/ddt_logistic_mu_2e-05_2025-03-24/dat_gen/params/tan_fit_df.csv
    output: runs/ddt_logistic_mu_2e-05_2025-03-24/res/fig3/B.rds
    jobid: 4
    reason: Missing output files: runs/ddt_logistic_mu_2e-05_2025-03-24/res/fig3/B.rds
    resources: mem_mb=3G, disk_mb=4G, tmpdir=<TBD>, log_loc=./log_scr/, mfree=3G, cluster_time=0:00:10:00, disk_free=4G, runtime=10, n_cores=1

Submitted job 4 with external jobid 'modified hard resource list of job 0'.
[Mon Mar 24 15:04:37 2025]
Error in rule fig3B:
    jobid: 4
    input: runs/ddt_logistic_mu_2e-05_2025-03-24/dat_gen/params/logistic_fitness_function.csv, runs/ddt_logistic_mu_2e-05_2025-03-24/dat_gen/params/tan_fit_df.csv
    output: runs/ddt_logistic_mu_2e-05_2025-03-24/res/fig3/B.rds
    cluster_jobid: modified hard resource list of job 0

Error executing rule fig3B on cluster (jobid: 4, external: modified hard resource list of job 0, jobscript: /net/feder/vol1/home/alexrob/projects/dominant_drug_targets/pipeline/.snakemake/tmp.wc8szo7_/snakejob.fig3B.4.sh). For error details see the cluster log and the log files of the involved rule(s).
Shutting down, this might take some time.
Exiting because a job execution failed. Look above for error message
Complete log: .snakemake/log/2025-03-24T150427.139754.snakemake.log
