Building DAG of jobs...
Provided cores: 1 (use --cores to define parallelism)
Rules claiming more threads will be scaled down.
Job stats:
job                count    min threads    max threads
---------------  -------  -------------  -------------
all                    1              1              1
collate_all_sup        1              1              1
sfig3                  1              1              1
sfig4                  1              1              1
total                  4              1              1

Select jobs to execute...

[Tue Apr 29 12:39:43 2025]
rule sfig3:
    output: runs/ddt_logistic_mu_2e-05_2025-03-24/res/sup/sfig3/sfig3.pdf
    jobid: 30
    reason: Code has changed since last execution
    resources: tmpdir=C:\Users\meowy\AppData\Local\Temp, log_loc=./log_scr/, mfree=3G, cluster_time=0:00:10:00, mem_mb=3G, disk_free=4G, disk_mb=4G, runtime=10, n_cores=1

[Tue Apr 29 12:40:07 2025]
Finished job 30.
1 of 4 steps (25%) done
Select jobs to execute...

[Tue Apr 29 12:40:07 2025]
rule sfig4:
    output: runs/ddt_logistic_mu_2e-05_2025-03-24/res/sup/sfig4/sfig4.pdf
    jobid: 31
    reason: Code has changed since last execution
    resources: tmpdir=C:\Users\meowy\AppData\Local\Temp, log_loc=./log_scr/, mfree=3G, cluster_time=0:00:10:00, mem_mb=3G, disk_free=4G, disk_mb=4G, runtime=10, n_cores=1

[Tue Apr 29 12:40:22 2025]
Finished job 31.
2 of 4 steps (50%) done
Select jobs to execute...

[Tue Apr 29 12:40:22 2025]
rule collate_all_sup:
    input: runs/ddt_logistic_mu_2e-05_2025-03-24/res/sup/sfig1/sfig1.pdf, runs/ddt_logistic_mu_2e-05_2025-03-24/res/sup/sfig2/sfig2.pdf, runs/ddt_logistic_mu_2e-05_2025-03-24/res/sup/sfig3/sfig3.pdf, runs/ddt_logistic_mu_2e-05_2025-03-24/res/sup/sfig4/sfig4.pdf, runs/ddt_logistic_mu_2e-05_2025-03-24/res/sup/sfig5/sfig5.pdf, runs/ddt_logistic_mu_2e-05_2025-03-24/res/sup/sfig6/sfig6.pdf
    output: runs/ddt_logistic_mu_2e-05_2025-03-24/res/all_sfigs.pdf
    jobid: 27
    reason: Input files updated by another job: runs/ddt_logistic_mu_2e-05_2025-03-24/res/sup/sfig4/sfig4.pdf, runs/ddt_logistic_mu_2e-05_2025-03-24/res/sup/sfig3/sfig3.pdf
    resources: tmpdir=C:\Users\meowy\AppData\Local\Temp, log_loc=./log_scr/, mfree=3G, cluster_time=0:00:10:00, mem_mb=3G, disk_free=4G, disk_mb=4G, runtime=10, n_cores=1

[Tue Apr 29 12:40:25 2025]
Finished job 27.
3 of 4 steps (75%) done
Select jobs to execute...

[Tue Apr 29 12:40:25 2025]
localrule all:
    input: runs/ddt_logistic_mu_2e-05_2025-03-24/res/all_figs.pdf, runs/ddt_logistic_mu_2e-05_2025-03-24/res/all_sfigs.pdf
    jobid: 0
    reason: Input files updated by another job: runs/ddt_logistic_mu_2e-05_2025-03-24/res/all_sfigs.pdf
    resources: tmpdir=C:\Users\meowy\AppData\Local\Temp

[Tue Apr 29 12:40:25 2025]
Finished job 0.
4 of 4 steps (100%) done
Complete log: .snakemake\log\2025-04-29T123943.546121.snakemake.log
