Building DAG of jobs...
Using shell: /bin/bash
Provided cluster nodes: 1
Job stats:
job                 count    min threads    max threads
----------------  -------  -------------  -------------
all                     1              1              1
collate_all             1              1              1
dominance_trials        1              1              1
fig3D                   1              1              1
fig4A                   1              1              1
fig4D                   1              1              1
fig4E                   1              1              1
fig4F                   1              1              1
fig4G                   1              1              1
fig4H                   1              1              1
fig5A                   1              1              1
fig5C                   1              1              1
fig5D                   1              1              1
fig5EF                  1              1              1
fig6A                   1              1              1
fig6B                   1              1              1
fig6C                   1              1              1
fig6D                   1              1              1
fig6EF                  1              1              1
gen_fig3                1              1              1
gen_fig4                1              1              1
gen_fig5                1              1              1
gen_fig6                1              1              1
total                  23              1              1

Select jobs to execute...

[Fri Mar 28 18:41:06 2025]
rule fig3D:
    input: runs/ddt_logistic_mu_2e-05_2025-03-24/dat_gen/params/optim_params.csv, runs/ddt_logistic_mu_2e-05_2025-03-24/dat_gen/params/logistic_fitness_function.csv
    output: runs/ddt_logistic_mu_2e-05_2025-03-24/res/fig3/D.rds
    jobid: 9
    reason: Missing output files: runs/ddt_logistic_mu_2e-05_2025-03-24/res/fig3/D.rds
    resources: mem_mb=3G, disk_mb=4G, tmpdir=<TBD>, log_loc=./log_scr/, mfree=3G, cluster_time=0:00:10:00, disk_free=4G, runtime=10, n_cores=7

Submitted job 9 with external jobid 'modified hard resource list of job 0'.
[Fri Mar 28 18:41:25 2025]
Finished job 9.
1 of 23 steps (4%) done
Select jobs to execute...

[Fri Mar 28 18:41:25 2025]
rule fig6C:
    input: runs/ddt_logistic_mu_2e-05_2025-03-24/dat_gen/params/optim_params.csv, runs/ddt_logistic_mu_2e-05_2025-03-24/dat_gen/params/logistic_fitness_function.csv
    output: runs/ddt_logistic_mu_2e-05_2025-03-24/res/fig6/C.rds
    jobid: 30
    reason: Missing output files: runs/ddt_logistic_mu_2e-05_2025-03-24/res/fig6/C.rds; Set of input files has changed since last execution; Code has changed since last execution
    resources: mem_mb=3G, disk_mb=4G, tmpdir=<TBD>, log_loc=./log_scr/, mfree=3G, cluster_time=0:00:10:00, disk_free=4G, runtime=10, n_cores=1

Submitted job 30 with external jobid 'modified hard resource list of job 0'.
[Fri Mar 28 18:41:45 2025]
Finished job 30.
2 of 23 steps (9%) done
Select jobs to execute...

[Fri Mar 28 18:41:45 2025]
rule fig4F:
    input: dat/collett_trial.csv, runs/ddt_logistic_mu_2e-05_2025-03-24/dat_gen/params/optim_params.csv, runs/ddt_logistic_mu_2e-05_2025-03-24/dat_gen/params/logistic_fitness_function.csv, runs/ddt_logistic_mu_2e-05_2025-03-24/dat_gen/sims/sim_clinical_trial.csv
    output: runs/ddt_logistic_mu_2e-05_2025-03-24/res/fig4/F.rds
    jobid: 15
    reason: Missing output files: runs/ddt_logistic_mu_2e-05_2025-03-24/res/fig4/F.rds
    resources: mem_mb=3G, disk_mb=4G, tmpdir=<TBD>, log_loc=./log_scr/, mfree=3G, cluster_time=0:00:10:00, disk_free=4G, runtime=10, n_cores=1

Submitted job 15 with external jobid 'modified hard resource list of job 0'.
[Fri Mar 28 18:41:55 2025]
Finished job 15.
3 of 23 steps (13%) done
Select jobs to execute...

[Fri Mar 28 18:41:55 2025]
rule fig6EF:
    input: runs/ddt_logistic_mu_2e-05_2025-03-24/dat_gen/params/optim_params.csv, runs/ddt_logistic_mu_2e-05_2025-03-24/dat_gen/params/logistic_fitness_function.csv, runs/ddt_logistic_mu_2e-05_2025-03-24/dat_gen/sims/full_stringency_trials.csv
    output: runs/ddt_logistic_mu_2e-05_2025-03-24/res/fig6/E.rds, runs/ddt_logistic_mu_2e-05_2025-03-24/res/fig6/F.rds
    jobid: 32
    reason: Missing output files: runs/ddt_logistic_mu_2e-05_2025-03-24/res/fig6/E.rds, runs/ddt_logistic_mu_2e-05_2025-03-24/res/fig6/F.rds; Code has changed since last execution
    resources: mem_mb=3G, disk_mb=4G, tmpdir=<TBD>, log_loc=./log_scr/, mfree=3G, cluster_time=0:00:10:00, disk_free=4G, runtime=10, n_cores=1

Submitted job 32 with external jobid 'modified hard resource list of job 0'.
[Fri Mar 28 18:42:15 2025]
Finished job 32.
4 of 23 steps (17%) done
Select jobs to execute...

[Fri Mar 28 18:42:16 2025]
rule dominance_trials:
    input: runs/ddt_logistic_mu_2e-05_2025-03-24/dat_gen/params/optim_params.csv, runs/ddt_logistic_mu_2e-05_2025-03-24/dat_gen/params/logistic_fitness_function.csv, runs/ddt_logistic_mu_2e-05_2025-03-24/dat_gen/params/optim_clin_trial_params.csv
    output: runs/ddt_logistic_mu_2e-05_2025-03-24/dat_gen/sims/full_dominance_trials.csv
    jobid: 26
    reason: Missing output files: runs/ddt_logistic_mu_2e-05_2025-03-24/dat_gen/sims/full_dominance_trials.csv
    resources: mem_mb=3G, disk_mb=4G, tmpdir=<TBD>, log_loc=./log_scr/, mfree=3G, cluster_time=3:00:00:00, disk_free=4G, runtime=4320, n_cores=20

Submitted job 26 with external jobid 'modified hard resource list of job 0'.
[Fri Mar 28 18:59:06 2025]
Finished job 26.
5 of 23 steps (22%) done
Select jobs to execute...

[Fri Mar 28 18:59:06 2025]
rule fig5EF:
    input: runs/ddt_logistic_mu_2e-05_2025-03-24/dat_gen/params/optim_params.csv, runs/ddt_logistic_mu_2e-05_2025-03-24/dat_gen/params/logistic_fitness_function.csv, runs/ddt_logistic_mu_2e-05_2025-03-24/dat_gen/sims/full_dominance_trials.csv
    output: runs/ddt_logistic_mu_2e-05_2025-03-24/res/fig5/E.rds, runs/ddt_logistic_mu_2e-05_2025-03-24/res/fig5/F.rds
    jobid: 25
    reason: Missing output files: runs/ddt_logistic_mu_2e-05_2025-03-24/res/fig5/E.rds, runs/ddt_logistic_mu_2e-05_2025-03-24/res/fig5/F.rds; Input files updated by another job: runs/ddt_logistic_mu_2e-05_2025-03-24/dat_gen/sims/full_dominance_trials.csv
    resources: mem_mb=3G, disk_mb=4G, tmpdir=<TBD>, log_loc=./log_scr/, mfree=3G, cluster_time=0:00:10:00, disk_free=4G, runtime=10, n_cores=1

Submitted job 25 with external jobid 'modified hard resource list of job 0'.
[Fri Mar 28 18:59:26 2025]
Error in rule fig5EF:
    jobid: 25
    input: runs/ddt_logistic_mu_2e-05_2025-03-24/dat_gen/params/optim_params.csv, runs/ddt_logistic_mu_2e-05_2025-03-24/dat_gen/params/logistic_fitness_function.csv, runs/ddt_logistic_mu_2e-05_2025-03-24/dat_gen/sims/full_dominance_trials.csv
    output: runs/ddt_logistic_mu_2e-05_2025-03-24/res/fig5/E.rds, runs/ddt_logistic_mu_2e-05_2025-03-24/res/fig5/F.rds
    cluster_jobid: modified hard resource list of job 0

Error executing rule fig5EF on cluster (jobid: 25, external: modified hard resource list of job 0, jobscript: /net/feder/vol1/home/alexrob/projects/dominant_drug_targets/pipeline/.snakemake/tmp.t4ftg2_2/snakejob.fig5EF.25.sh). For error details see the cluster log and the log files of the involved rule(s).
Shutting down, this might take some time.
Exiting because a job execution failed. Look above for error message
Complete log: .snakemake/log/2025-03-28T184100.951542.snakemake.log
