Building DAG of jobs...
Using shell: /bin/bash
Provided cluster nodes: 1
Job stats:
job            count    min threads    max threads
-----------  -------  -------------  -------------
all                1              1              1
collate_all        1              1              1
fig4G              1              1              1
fig4H              1              1              1
fig5A              1              1              1
fig5C              1              1              1
fig5D              1              1              1
fig6A              1              1              1
fig6D              1              1              1
gen_fig3           1              1              1
gen_fig4           1              1              1
gen_fig5           1              1              1
gen_fig6           1              1              1
total             13              1              1

Select jobs to execute...

[Fri Mar 28 19:46:32 2025]
rule fig4H:
    input: dat/collett_trial.csv, runs/ddt_logistic_mu_2e-05_2025-03-24/dat_gen/params/optim_params.csv, runs/ddt_logistic_mu_2e-05_2025-03-24/dat_gen/params/logistic_fitness_function.csv, runs/ddt_logistic_mu_2e-05_2025-03-24/dat_gen/sims/sim_clinical_trial.csv
    output: runs/ddt_logistic_mu_2e-05_2025-03-24/res/fig4/H.rds
    jobid: 19
    reason: Missing output files: runs/ddt_logistic_mu_2e-05_2025-03-24/res/fig4/H.rds
    resources: mem_mb=3G, disk_mb=4G, tmpdir=<TBD>, log_loc=./log_scr/, mfree=3G, cluster_time=0:00:10:00, disk_free=4G, runtime=10, n_cores=1

Submitted job 19 with external jobid 'modified hard resource list of job 0'.
[Fri Mar 28 19:46:52 2025]
Finished job 19.
1 of 13 steps (8%) done
Select jobs to execute...

[Fri Mar 28 19:46:52 2025]
rule fig6A:
    input: runs/ddt_logistic_mu_2e-05_2025-03-24/dat_gen/params/optim_params.csv, runs/ddt_logistic_mu_2e-05_2025-03-24/dat_gen/params/logistic_fitness_function.csv
    output: runs/ddt_logistic_mu_2e-05_2025-03-24/res/fig6/A.rds
    jobid: 28
    reason: Missing output files: runs/ddt_logistic_mu_2e-05_2025-03-24/res/fig6/A.rds; Code has changed since last execution
    resources: mem_mb=3G, disk_mb=4G, tmpdir=<TBD>, log_loc=./log_scr/, mfree=3G, cluster_time=0:00:10:00, disk_free=4G, runtime=10, n_cores=1

Submitted job 28 with external jobid 'modified hard resource list of job 0'.
[Fri Mar 28 19:47:12 2025]
Finished job 28.
2 of 13 steps (15%) done
Select jobs to execute...

[Fri Mar 28 19:47:12 2025]
rule fig4G:
    input: dat/collett_trial.csv, runs/ddt_logistic_mu_2e-05_2025-03-24/dat_gen/params/optim_params.csv, runs/ddt_logistic_mu_2e-05_2025-03-24/dat_gen/params/logistic_fitness_function.csv, runs/ddt_logistic_mu_2e-05_2025-03-24/dat_gen/sims/sim_clinical_trial.csv
    output: runs/ddt_logistic_mu_2e-05_2025-03-24/res/fig4/G.rds
    jobid: 18
    reason: Missing output files: runs/ddt_logistic_mu_2e-05_2025-03-24/res/fig4/G.rds
    resources: mem_mb=3G, disk_mb=4G, tmpdir=<TBD>, log_loc=./log_scr/, mfree=3G, cluster_time=0:00:10:00, disk_free=4G, runtime=10, n_cores=1

Submitted job 18 with external jobid 'modified hard resource list of job 0'.
[Fri Mar 28 19:47:22 2025]
Finished job 18.
3 of 13 steps (23%) done
Select jobs to execute...

[Fri Mar 28 19:47:22 2025]
rule gen_fig3:
    input: runs/ddt_logistic_mu_2e-05_2025-03-24/res/fig3/B.rds, runs/ddt_logistic_mu_2e-05_2025-03-24/res/fig3/C.rds, runs/ddt_logistic_mu_2e-05_2025-03-24/res/fig3/D.rds
    output: runs/ddt_logistic_mu_2e-05_2025-03-24/res/fig3/fig3.pdf
    jobid: 5
    reason: Missing output files: runs/ddt_logistic_mu_2e-05_2025-03-24/res/fig3/fig3.pdf
    resources: mem_mb=3G, disk_mb=4G, tmpdir=<TBD>, log_loc=./log_scr/, mfree=3G, cluster_time=0:00:10:00, disk_free=4G, runtime=10, n_cores=1

Submitted job 5 with external jobid 'modified hard resource list of job 0'.
[Fri Mar 28 19:47:42 2025]
Finished job 5.
4 of 13 steps (31%) done
Select jobs to execute...

[Fri Mar 28 19:47:42 2025]
rule fig6D:
    input: runs/ddt_logistic_mu_2e-05_2025-03-24/dat_gen/params/optim_params.csv, runs/ddt_logistic_mu_2e-05_2025-03-24/dat_gen/params/logistic_fitness_function.csv
    output: runs/ddt_logistic_mu_2e-05_2025-03-24/res/fig6/D.rds
    jobid: 31
    reason: Missing output files: runs/ddt_logistic_mu_2e-05_2025-03-24/res/fig6/D.rds; Set of input files has changed since last execution; Code has changed since last execution
    resources: mem_mb=3G, disk_mb=4G, tmpdir=<TBD>, log_loc=./log_scr/, mfree=3G, cluster_time=0:00:10:00, disk_free=4G, runtime=10, n_cores=1

Submitted job 31 with external jobid 'modified hard resource list of job 0'.
[Fri Mar 28 19:47:52 2025]
Error in rule fig6D:
    jobid: 31
    input: runs/ddt_logistic_mu_2e-05_2025-03-24/dat_gen/params/optim_params.csv, runs/ddt_logistic_mu_2e-05_2025-03-24/dat_gen/params/logistic_fitness_function.csv
    output: runs/ddt_logistic_mu_2e-05_2025-03-24/res/fig6/D.rds
    cluster_jobid: modified hard resource list of job 0

Error executing rule fig6D on cluster (jobid: 31, external: modified hard resource list of job 0, jobscript: /net/feder/vol1/home/alexrob/projects/dominant_drug_targets/pipeline/.snakemake/tmp.jezwiui7/snakejob.fig6D.31.sh). For error details see the cluster log and the log files of the involved rule(s).
Shutting down, this might take some time.
Exiting because a job execution failed. Look above for error message
Complete log: .snakemake/log/2025-03-28T194630.326357.snakemake.log
