Building DAG of jobs...
Using shell: /bin/bash
Provided cluster nodes: 1
Job stats:
job            count    min threads    max threads
-----------  -------  -------------  -------------
all                1              1              1
collate_all        1              1              1
fig5EF             1              1              1
gen_fig5           1              1              1
total              4              1              1

Select jobs to execute...

[Fri Mar 28 20:21:05 2025]
rule fig5EF:
    input: runs/ddt_logistic_mu_2e-05_2025-03-24/dat_gen/params/optim_params.csv, runs/ddt_logistic_mu_2e-05_2025-03-24/dat_gen/params/logistic_fitness_function.csv, runs/ddt_logistic_mu_2e-05_2025-03-24/dat_gen/sims/full_dominance_trials.csv
    output: runs/ddt_logistic_mu_2e-05_2025-03-24/res/fig5/E.rds, runs/ddt_logistic_mu_2e-05_2025-03-24/res/fig5/F.rds
    jobid: 25
    reason: Missing output files: runs/ddt_logistic_mu_2e-05_2025-03-24/res/fig5/F.rds; Code has changed since last execution
    resources: mem_mb=3G, disk_mb=4G, tmpdir=<TBD>, log_loc=./log_scr/, mfree=3G, cluster_time=0:00:10:00, disk_free=4G, runtime=10, n_cores=1

Submitted job 25 with external jobid 'modified hard resource list of job 0'.
[Fri Mar 28 20:21:25 2025]
Finished job 25.
1 of 4 steps (25%) done
Select jobs to execute...

[Fri Mar 28 20:21:25 2025]
rule gen_fig5:
    input: runs/ddt_logistic_mu_2e-05_2025-03-24/res/fig5/A.rds, runs/ddt_logistic_mu_2e-05_2025-03-24/res/fig5/B.rds, runs/ddt_logistic_mu_2e-05_2025-03-24/res/fig5/C.rds, runs/ddt_logistic_mu_2e-05_2025-03-24/res/fig5/D.rds, runs/ddt_logistic_mu_2e-05_2025-03-24/res/fig5/E.rds, runs/ddt_logistic_mu_2e-05_2025-03-24/res/fig5/F.rds
    output: runs/ddt_logistic_mu_2e-05_2025-03-24/res/fig5/fig5.pdf
    jobid: 20
    reason: Missing output files: runs/ddt_logistic_mu_2e-05_2025-03-24/res/fig5/fig5.pdf; Input files updated by another job: runs/ddt_logistic_mu_2e-05_2025-03-24/res/fig5/E.rds, runs/ddt_logistic_mu_2e-05_2025-03-24/res/fig5/F.rds
    resources: mem_mb=3G, disk_mb=4G, tmpdir=<TBD>, log_loc=./log_scr/, mfree=3G, cluster_time=0:00:10:00, disk_free=4G, runtime=10, n_cores=1

Submitted job 20 with external jobid 'modified hard resource list of job 0'.
[Fri Mar 28 20:21:55 2025]
Finished job 20.
2 of 4 steps (50%) done
Select jobs to execute...

[Fri Mar 28 20:21:55 2025]
rule collate_all:
    input: runs/ddt_logistic_mu_2e-05_2025-03-24/res/fig2/fig2.pdf, runs/ddt_logistic_mu_2e-05_2025-03-24/res/fig3/fig3.pdf, runs/ddt_logistic_mu_2e-05_2025-03-24/res/fig4/fig4.pdf, runs/ddt_logistic_mu_2e-05_2025-03-24/res/fig5/fig5.pdf, runs/ddt_logistic_mu_2e-05_2025-03-24/res/fig6/fig6.pdf
    output: runs/ddt_logistic_mu_2e-05_2025-03-24/res/all_figs.pdf
    jobid: 1
    reason: Missing output files: runs/ddt_logistic_mu_2e-05_2025-03-24/res/all_figs.pdf; Input files updated by another job: runs/ddt_logistic_mu_2e-05_2025-03-24/res/fig5/fig5.pdf
    resources: mem_mb=3G, disk_mb=4G, tmpdir=<TBD>, log_loc=./log_scr/, mfree=3G, cluster_time=0:00:10:00, disk_free=4G, runtime=10, n_cores=1

Submitted job 1 with external jobid 'modified hard resource list of job 0'.
[Fri Mar 28 20:22:05 2025]
Finished job 1.
3 of 4 steps (75%) done
Select jobs to execute...

[Fri Mar 28 20:22:05 2025]
localrule all:
    input: runs/ddt_logistic_mu_2e-05_2025-03-24/res/all_figs.pdf
    jobid: 0
    reason: Input files updated by another job: runs/ddt_logistic_mu_2e-05_2025-03-24/res/all_figs.pdf
    resources: mem_mb=1000, mem_mib=954, disk_mb=1000, disk_mib=954, tmpdir=/tmp/12724853.1.feder-short.q

[Fri Mar 28 20:22:05 2025]
Finished job 0.
4 of 4 steps (100%) done
Complete log: .snakemake/log/2025-03-28T202102.596287.snakemake.log
