Building DAG of jobs...
Provided cores: 1 (use --cores to define parallelism)
Rules claiming more threads will be scaled down.
Job stats:
job                      count    min threads    max threads
---------------------  -------  -------------  -------------
all                          1              1              1
all_stringency_trials        1              1              1
collate_all                  1              1              1
collate_all_sup              1              1              1
fig4A                        1              1              1
fig4D                        1              1              1
fig4E                        1              1              1
fig5A                        1              1              1
fig5B                        1              1              1
gen_fig4                     1              1              1
gen_fig5                     1              1              1
gen_sfig5                    1              1              1
gen_sfig6                    1              1              1
sfig2                        1              1              1
sfig3                        1              1              1
sfig4                        1              1              1
sfig5A                       1              1              1
sfig6A                       1              1              1
sfig6BC                      1              1              1
total                       19              1              1

Select jobs to execute...

[Fri May  9 13:22:57 2025]
rule all_stringency_trials:
    input: runs/ddt_logistic_mu_2e-05_2025-03-24/dat_gen/params/optim_params.csv, runs/ddt_logistic_mu_2e-05_2025-03-24/dat_gen/params/logistic_fitness_function.csv, runs/ddt_logistic_mu_2e-05_2025-03-24/dat_gen/params/optim_clin_trial_params.csv
    output: runs/ddt_logistic_mu_2e-05_2025-03-24/dat_gen/sims/all_full_stringency_trials.csv
    jobid: 39
    reason: Code has changed since last execution
    resources: tmpdir=C:\Users\meowy\AppData\Local\Temp, log_loc=./log_scr/, mfree=3G, cluster_time=3:00:00:00, mem_mb=3G, disk_free=4G, disk_mb=4G, runtime=4320, n_cores=20

[Fri May  9 13:23:01 2025]
Error in rule all_stringency_trials:
    jobid: 39
    input: runs/ddt_logistic_mu_2e-05_2025-03-24/dat_gen/params/optim_params.csv, runs/ddt_logistic_mu_2e-05_2025-03-24/dat_gen/params/logistic_fitness_function.csv, runs/ddt_logistic_mu_2e-05_2025-03-24/dat_gen/params/optim_clin_trial_params.csv
    output: runs/ddt_logistic_mu_2e-05_2025-03-24/dat_gen/sims/all_full_stringency_trials.csv

Terminating processes on user request, this might take some time.
Complete log: .snakemake\log\2025-05-09T132256.979859.snakemake.log
