Building DAG of jobs...
Provided cores: 1 (use --cores to define parallelism)
Rules claiming more threads will be scaled down.
Job stats:
job            count    min threads    max threads
-----------  -------  -------------  -------------
all                1              1              1
collate_all        1              1              1
fig2A              1              1              1
fig2B              1              1              1
fig3B              1              1              1
gen_fig2           1              1              1
gen_fig3           1              1              1
total              7              1              1

Select jobs to execute...

[Tue Apr 29 11:27:12 2025]
rule fig2B:
    input: dat/collett_trial.csv
    output: runs/ddt_logistic_mu_2e-05_2025-03-24/res/fig2/B.rds
    jobid: 4
    reason: Code has changed since last execution
    resources: tmpdir=C:\Users\meowy\AppData\Local\Temp, log_loc=./log_scr/, mfree=3G, cluster_time=0:00:10:00, mem_mb=3G, disk_free=4G, disk_mb=4G, runtime=10, n_cores=1

[Tue Apr 29 11:27:14 2025]
Finished job 4.
1 of 7 steps (14%) done
Select jobs to execute...

[Tue Apr 29 11:27:14 2025]
rule fig3B:
    input: runs/ddt_logistic_mu_2e-05_2025-03-24/dat_gen/params/logistic_fitness_function.csv, runs/ddt_logistic_mu_2e-05_2025-03-24/dat_gen/params/tan_fit_df.csv
    output: runs/ddt_logistic_mu_2e-05_2025-03-24/res/fig3/B.rds
    jobid: 6
    reason: Code has changed since last execution
    resources: tmpdir=C:\Users\meowy\AppData\Local\Temp, log_loc=./log_scr/, mfree=3G, cluster_time=0:00:10:00, mem_mb=3G, disk_free=4G, disk_mb=4G, runtime=10, n_cores=1

[Tue Apr 29 11:27:16 2025]
Finished job 6.
2 of 7 steps (29%) done
Select jobs to execute...

[Tue Apr 29 11:27:16 2025]
rule gen_fig3:
    input: runs/ddt_logistic_mu_2e-05_2025-03-24/res/fig3/B.rds, runs/ddt_logistic_mu_2e-05_2025-03-24/res/fig3/C.rds, runs/ddt_logistic_mu_2e-05_2025-03-24/res/fig3/D.rds
    output: runs/ddt_logistic_mu_2e-05_2025-03-24/res/fig3/fig3.pdf
    jobid: 5
    reason: Input files updated by another job: runs/ddt_logistic_mu_2e-05_2025-03-24/res/fig3/B.rds
    resources: tmpdir=C:\Users\meowy\AppData\Local\Temp, log_loc=./log_scr/, mfree=3G, cluster_time=0:00:10:00, mem_mb=3G, disk_free=4G, disk_mb=4G, runtime=10, n_cores=1

[Tue Apr 29 11:27:19 2025]
Finished job 5.
3 of 7 steps (43%) done
Select jobs to execute...

[Tue Apr 29 11:27:19 2025]
rule fig2A:
    input: dat/tanner_pure_culture.csv, dat/tanner_mix_culture.csv
    output: runs/ddt_logistic_mu_2e-05_2025-03-24/res/fig2/A.rds
    jobid: 3
    reason: Code has changed since last execution
    resources: tmpdir=C:\Users\meowy\AppData\Local\Temp, log_loc=./log_scr/, mfree=3G, cluster_time=0:00:10:00, mem_mb=3G, disk_free=4G, disk_mb=4G, runtime=10, n_cores=1

[Tue Apr 29 11:27:22 2025]
Finished job 3.
4 of 7 steps (57%) done
Select jobs to execute...

[Tue Apr 29 11:27:22 2025]
rule gen_fig2:
    input: runs/ddt_logistic_mu_2e-05_2025-03-24/res/fig2/A.rds, runs/ddt_logistic_mu_2e-05_2025-03-24/res/fig2/B.rds
    output: runs/ddt_logistic_mu_2e-05_2025-03-24/res/fig2/fig2.pdf
    jobid: 2
    reason: Input files updated by another job: runs/ddt_logistic_mu_2e-05_2025-03-24/res/fig2/A.rds, runs/ddt_logistic_mu_2e-05_2025-03-24/res/fig2/B.rds
    resources: tmpdir=C:\Users\meowy\AppData\Local\Temp, log_loc=./log_scr/, mfree=3G, cluster_time=0:00:10:00, mem_mb=3G, disk_free=4G, disk_mb=4G, runtime=10, n_cores=1

[Tue Apr 29 11:27:24 2025]
Finished job 2.
5 of 7 steps (71%) done
Select jobs to execute...

[Tue Apr 29 11:27:24 2025]
rule collate_all:
    input: runs/ddt_logistic_mu_2e-05_2025-03-24/res/fig2/fig2.pdf, runs/ddt_logistic_mu_2e-05_2025-03-24/res/fig3/fig3.pdf, runs/ddt_logistic_mu_2e-05_2025-03-24/res/fig4/fig4.pdf, runs/ddt_logistic_mu_2e-05_2025-03-24/res/fig5/fig5.pdf
    output: runs/ddt_logistic_mu_2e-05_2025-03-24/res/all_figs.pdf
    jobid: 1
    reason: Input files updated by another job: runs/ddt_logistic_mu_2e-05_2025-03-24/res/fig2/fig2.pdf, runs/ddt_logistic_mu_2e-05_2025-03-24/res/fig3/fig3.pdf
    resources: tmpdir=C:\Users\meowy\AppData\Local\Temp, log_loc=./log_scr/, mfree=3G, cluster_time=0:00:10:00, mem_mb=3G, disk_free=4G, disk_mb=4G, runtime=10, n_cores=1

[Tue Apr 29 11:27:25 2025]
Finished job 1.
6 of 7 steps (86%) done
Select jobs to execute...

[Tue Apr 29 11:27:25 2025]
localrule all:
    input: runs/ddt_logistic_mu_2e-05_2025-03-24/res/all_figs.pdf, runs/ddt_logistic_mu_2e-05_2025-03-24/res/all_sfigs.pdf
    jobid: 0
    reason: Input files updated by another job: runs/ddt_logistic_mu_2e-05_2025-03-24/res/all_figs.pdf
    resources: tmpdir=C:\Users\meowy\AppData\Local\Temp

[Tue Apr 29 11:27:25 2025]
Finished job 0.
7 of 7 steps (100%) done
Complete log: .snakemake\log\2025-04-29T112712.496270.snakemake.log
