Building DAG of jobs...
Using shell: /bin/bash
Provided cluster nodes: 1
Job stats:
job                 count    min threads    max threads
----------------  -------  -------------  -------------
all                     1              1              1
collate_all             1              1              1
dominance_trials        1              1              1
fig3D                   1              1              1
fig4A                   1              1              1
fig4D                   1              1              1
fig4E                   1              1              1
fig4F                   1              1              1
fig4G                   1              1              1
fig4H                   1              1              1
fig5A                   1              1              1
fig5C                   1              1              1
fig5D                   1              1              1
fig5EF                  1              1              1
fig6A                   1              1              1
fig6B                   1              1              1
fig6C                   1              1              1
fig6D                   1              1              1
fig6EF                  1              1              1
gen_fig3                1              1              1
gen_fig4                1              1              1
gen_fig5                1              1              1
gen_fig6                1              1              1
total                  23              1              1

Select jobs to execute...

[Fri Mar 28 18:39:10 2025]
rule fig3D:
    input: runs/ddt_logistic_mu_2e-05_2025-03-24/dat_gen/params/optim_params.csv, runs/ddt_logistic_mu_2e-05_2025-03-24/dat_gen/params/logistic_fitness_function.csv
    output: runs/ddt_logistic_mu_2e-05_2025-03-24/res/fig3/D.rds
    jobid: 9
    reason: Missing output files: runs/ddt_logistic_mu_2e-05_2025-03-24/res/fig3/D.rds
    resources: mem_mb=3G, disk_mb=4G, tmpdir=<TBD>, log_loc=./log_scr/, mfree=3G, cluster_time=0:00:10:00, disk_free=4G, runtime=10, n_cores=7

Submitted job 9 with external jobid 'modified hard resource list of job 0'.
[Fri Mar 28 18:39:30 2025]
Error in rule fig3D:
    jobid: 9
    input: runs/ddt_logistic_mu_2e-05_2025-03-24/dat_gen/params/optim_params.csv, runs/ddt_logistic_mu_2e-05_2025-03-24/dat_gen/params/logistic_fitness_function.csv
    output: runs/ddt_logistic_mu_2e-05_2025-03-24/res/fig3/D.rds
    cluster_jobid: modified hard resource list of job 0

Error executing rule fig3D on cluster (jobid: 9, external: modified hard resource list of job 0, jobscript: /net/feder/vol1/home/alexrob/projects/dominant_drug_targets/pipeline/.snakemake/tmp.s1x52vnl/snakejob.fig3D.9.sh). For error details see the cluster log and the log files of the involved rule(s).
Shutting down, this might take some time.
Exiting because a job execution failed. Look above for error message
Complete log: .snakemake/log/2025-03-28T183906.320312.snakemake.log
