Building DAG of jobs...
Using shell: /bin/bash
Provided cluster nodes: 1
Job stats:
job                  count    min threads    max threads
-----------------  -------  -------------  -------------
all                      1              1              1
collate_all              1              1              1
dominance_trials         1              1              1
fig3D                    1              1              1
fig4A                    1              1              1
fig4D                    1              1              1
fig4E                    1              1              1
fig4F                    1              1              1
fig4G                    1              1              1
fig4H                    1              1              1
fig5A                    1              1              1
fig5B                    1              1              1
fig5C                    1              1              1
fig5D                    1              1              1
fig5EF                   1              1              1
fig6A                    1              1              1
fig6B                    1              1              1
fig6C                    1              1              1
fig6D                    1              1              1
fig6EF                   1              1              1
gen_fig3                 1              1              1
gen_fig4                 1              1              1
gen_fig5                 1              1              1
gen_fig6                 1              1              1
sim_clin_trial           1              1              1
stringency_trials        1              1              1
total                   26              1              1

Select jobs to execute...

[Fri Mar 28 16:10:56 2025]
rule stringency_trials:
    input: runs/ddt_logistic_mu_2e-05_2025-03-24/dat_gen/params/optim_params.csv, runs/ddt_logistic_mu_2e-05_2025-03-24/dat_gen/params/logistic_fitness_function.csv, runs/ddt_logistic_mu_2e-05_2025-03-24/dat_gen/params/optim_clin_trial_params.csv
    output: runs/ddt_logistic_mu_2e-05_2025-03-24/dat_gen/sims/full_stringency_trials.csv
    jobid: 33
    reason: Missing output files: runs/ddt_logistic_mu_2e-05_2025-03-24/dat_gen/sims/full_stringency_trials.csv; Code has changed since last execution
    resources: mem_mb=3G, disk_mb=4G, tmpdir=<TBD>, log_loc=./log_scr/, mfree=3G, cluster_time=3:00:00:00, disk_free=4G, runtime=4320, n_cores=20

Submitted job 33 with external jobid 'modified hard resource list of job 0'.
[Fri Mar 28 16:11:06 2025]
Error in rule stringency_trials:
    jobid: 33
    input: runs/ddt_logistic_mu_2e-05_2025-03-24/dat_gen/params/optim_params.csv, runs/ddt_logistic_mu_2e-05_2025-03-24/dat_gen/params/logistic_fitness_function.csv, runs/ddt_logistic_mu_2e-05_2025-03-24/dat_gen/params/optim_clin_trial_params.csv
    output: runs/ddt_logistic_mu_2e-05_2025-03-24/dat_gen/sims/full_stringency_trials.csv
    cluster_jobid: modified hard resource list of job 0

Error executing rule stringency_trials on cluster (jobid: 33, external: modified hard resource list of job 0, jobscript: /net/feder/vol1/home/alexrob/projects/dominant_drug_targets/pipeline/.snakemake/tmp.7c_2re53/snakejob.stringency_trials.33.sh). For error details see the cluster log and the log files of the involved rule(s).
Shutting down, this might take some time.
Exiting because a job execution failed. Look above for error message
Complete log: .snakemake/log/2025-03-28T161040.738730.snakemake.log
