Building DAG of jobs...
Using shell: /bin/bash
Provided cluster nodes: 1
Job stats:
job               count    min threads    max threads
--------------  -------  -------------  -------------
all                   1              1              1
collate_plots         1              1              1
fig3C                 1              1              1
fig5B                 1              1              1
fig5C                 1              1              1
sim_clin_trial        1              1              1
total                 6              1              1

Select jobs to execute...

[Tue Mar 25 12:22:48 2025]
rule sim_clin_trial:
    input: dat/collett_trial.csv, runs/ddt_logistic_mu_2e-05_2025-03-24/dat_gen/params/optim_params.csv, runs/ddt_logistic_mu_2e-05_2025-03-24/dat_gen/params/logistic_fitness_function.csv, runs/ddt_logistic_mu_2e-05_2025-03-24/dat_gen/params/optim_clin_trial_params.csv
    output: runs/ddt_logistic_mu_2e-05_2025-03-24/dat_gen/sims/sim_clinical_trial.csv
    jobid: 13
    reason: Missing output files: runs/ddt_logistic_mu_2e-05_2025-03-24/dat_gen/sims/sim_clinical_trial.csv
    resources: mem_mb=3G, disk_mb=4G, tmpdir=<TBD>, log_loc=./log_scr/, mfree=3G, cluster_time=0:02:00:00, disk_free=4G, runtime=120, n_cores=10

Submitted job 13 with external jobid 'modified hard resource list of job 0'.
[Tue Mar 25 12:25:09 2025]
Finished job 13.
1 of 6 steps (17%) done
Select jobs to execute...

[Tue Mar 25 12:25:09 2025]
rule fig5B:
    input: dat/collett_trial.csv, runs/ddt_logistic_mu_2e-05_2025-03-24/dat_gen/params/optim_params.csv, runs/ddt_logistic_mu_2e-05_2025-03-24/dat_gen/params/logistic_fitness_function.csv, runs/ddt_logistic_mu_2e-05_2025-03-24/dat_gen/sims/sim_clinical_trial.csv
    output: runs/ddt_logistic_mu_2e-05_2025-03-24/res/fig5/B.rds
    jobid: 12
    reason: Missing output files: runs/ddt_logistic_mu_2e-05_2025-03-24/res/fig5/B.rds; Input files updated by another job: runs/ddt_logistic_mu_2e-05_2025-03-24/dat_gen/sims/sim_clinical_trial.csv
    resources: mem_mb=3G, disk_mb=4G, tmpdir=<TBD>, log_loc=./log_scr/, mfree=3G, cluster_time=0:00:10:00, disk_free=4G, runtime=10, n_cores=1

Submitted job 12 with external jobid 'modified hard resource list of job 0'.
[Tue Mar 25 12:25:29 2025]
Finished job 12.
2 of 6 steps (33%) done
Select jobs to execute...

[Tue Mar 25 12:25:29 2025]
rule fig3C:
    input: dat/tanner_pure_culture.csv, dat/tanner_mix_culture.csv
    output: runs/ddt_logistic_mu_2e-05_2025-03-24/res/fig3/C.rds
    jobid: 6
    reason: Missing output files: runs/ddt_logistic_mu_2e-05_2025-03-24/res/fig3/C.rds
    resources: mem_mb=3G, disk_mb=4G, tmpdir=<TBD>, log_loc=./log_scr/, mfree=3G, cluster_time=0:00:10:00, disk_free=4G, runtime=10, n_cores=1

Submitted job 6 with external jobid 'modified hard resource list of job 0'.
[Tue Mar 25 12:25:39 2025]
Finished job 6.
3 of 6 steps (50%) done
Select jobs to execute...

[Tue Mar 25 12:25:39 2025]
rule fig5C:
    input: dat/collett_trial.csv, runs/ddt_logistic_mu_2e-05_2025-03-24/dat_gen/params/optim_params.csv, runs/ddt_logistic_mu_2e-05_2025-03-24/dat_gen/params/logistic_fitness_function.csv, runs/ddt_logistic_mu_2e-05_2025-03-24/dat_gen/sims/sim_clinical_trial.csv
    output: runs/ddt_logistic_mu_2e-05_2025-03-24/res/fig5/C.rds
    jobid: 15
    reason: Missing output files: runs/ddt_logistic_mu_2e-05_2025-03-24/res/fig5/C.rds; Input files updated by another job: runs/ddt_logistic_mu_2e-05_2025-03-24/dat_gen/sims/sim_clinical_trial.csv
    resources: mem_mb=3G, disk_mb=4G, tmpdir=<TBD>, log_loc=./log_scr/, mfree=3G, cluster_time=0:00:10:00, disk_free=4G, runtime=10, n_cores=1

Submitted job 15 with external jobid 'modified hard resource list of job 0'.
[Tue Mar 25 12:25:59 2025]
Error in rule fig5C:
    jobid: 15
    input: dat/collett_trial.csv, runs/ddt_logistic_mu_2e-05_2025-03-24/dat_gen/params/optim_params.csv, runs/ddt_logistic_mu_2e-05_2025-03-24/dat_gen/params/logistic_fitness_function.csv, runs/ddt_logistic_mu_2e-05_2025-03-24/dat_gen/sims/sim_clinical_trial.csv
    output: runs/ddt_logistic_mu_2e-05_2025-03-24/res/fig5/C.rds
    cluster_jobid: modified hard resource list of job 0

Error executing rule fig5C on cluster (jobid: 15, external: modified hard resource list of job 0, jobscript: /net/feder/vol1/home/alexrob/projects/dominant_drug_targets/pipeline/.snakemake/tmp.zs_8b8d7/snakejob.fig5C.15.sh). For error details see the cluster log and the log files of the involved rule(s).
Shutting down, this might take some time.
Exiting because a job execution failed. Look above for error message
Complete log: .snakemake/log/2025-03-25T122246.792765.snakemake.log
