Building DAG of jobs...
Provided cores: 1 (use --cores to define parallelism)
Rules claiming more threads will be scaled down.
Job stats:
job            count    min threads    max threads
-----------  -------  -------------  -------------
all                1              1              1
collate_all        1              1              1
fig4A              1              1              1
gen_fig4           1              1              1
total              4              1              1

Select jobs to execute...

[Tue May 13 21:53:45 2025]
rule fig4A:
    input: runs/ddt_logistic_mu_2e-05_2025-05-09/dat_gen/params/optim_params.csv, runs/ddt_logistic_mu_2e-05_2025-05-09/dat_gen/params/logistic_fitness_function.csv
    output: runs/ddt_logistic_mu_2e-05_2025-05-09/res/fig4/A.rds
    jobid: 12
    reason: Code has changed since last execution
    resources: tmpdir=C:\Users\meowy\AppData\Local\Temp, log_loc=./log_scr/, mfree=3G, cluster_time=0:00:30:00, mem_mb=3G, disk_free=4G, disk_mb=4G, runtime=30, n_cores=10

[Tue May 13 21:54:13 2025]
Finished job 12.
1 of 4 steps (25%) done
Select jobs to execute...

[Tue May 13 21:54:13 2025]
rule gen_fig4:
    input: runs/ddt_logistic_mu_2e-05_2025-05-09/res/fig4/A.rds, runs/ddt_logistic_mu_2e-05_2025-05-09/res/fig4/D.rds, runs/ddt_logistic_mu_2e-05_2025-05-09/res/fig4/E.rds, runs/ddt_logistic_mu_2e-05_2025-05-09/res/fig4/F.rds, runs/ddt_logistic_mu_2e-05_2025-05-09/res/fig4/GH.rds
    output: runs/ddt_logistic_mu_2e-05_2025-05-09/res/fig4/fig4.pdf
    jobid: 11
    reason: Input files updated by another job: runs/ddt_logistic_mu_2e-05_2025-05-09/res/fig4/A.rds
    resources: tmpdir=C:\Users\meowy\AppData\Local\Temp, log_loc=./log_scr/, mfree=3G, cluster_time=0:00:10:00, mem_mb=3G, disk_free=4G, disk_mb=4G, runtime=10, n_cores=1

[Tue May 13 21:54:16 2025]
Finished job 11.
2 of 4 steps (50%) done
Select jobs to execute...

[Tue May 13 21:54:16 2025]
rule collate_all:
    input: runs/ddt_logistic_mu_2e-05_2025-05-09/res/fig2/fig2.pdf, runs/ddt_logistic_mu_2e-05_2025-05-09/res/fig3/fig3.pdf, runs/ddt_logistic_mu_2e-05_2025-05-09/res/fig4/fig4.pdf, runs/ddt_logistic_mu_2e-05_2025-05-09/res/fig5/fig5.pdf
    output: runs/ddt_logistic_mu_2e-05_2025-05-09/res/all_figs.pdf
    jobid: 1
    reason: Input files updated by another job: runs/ddt_logistic_mu_2e-05_2025-05-09/res/fig4/fig4.pdf
    resources: tmpdir=C:\Users\meowy\AppData\Local\Temp, log_loc=./log_scr/, mfree=3G, cluster_time=0:00:10:00, mem_mb=3G, disk_free=4G, disk_mb=4G, runtime=10, n_cores=1

[Tue May 13 21:54:18 2025]
Finished job 1.
3 of 4 steps (75%) done
Select jobs to execute...

[Tue May 13 21:54:18 2025]
localrule all:
    input: runs/ddt_logistic_mu_2e-05_2025-05-09/res/all_figs.pdf, runs/ddt_logistic_mu_2e-05_2025-05-09/res/all_sfigs.pdf
    jobid: 0
    reason: Input files updated by another job: runs/ddt_logistic_mu_2e-05_2025-05-09/res/all_figs.pdf
    resources: tmpdir=C:\Users\meowy\AppData\Local\Temp

[Tue May 13 21:54:18 2025]
Finished job 0.
4 of 4 steps (100%) done
Complete log: .snakemake\log\2025-05-13T215345.205239.snakemake.log
