Building DAG of jobs...
Provided cores: 1 (use --cores to define parallelism)
Rules claiming more threads will be scaled down.
Job stats:
job               count    min threads    max threads
--------------  -------  -------------  -------------
sim_clin_trial        1              1              1
total                 1              1              1

Select jobs to execute...

[Fri May  9 10:23:20 2025]
rule sim_clin_trial:
    input: dat/collett_trial.csv, runs/ddt_logistic_mu_2e-05_2025-03-24/dat_gen/params/optim_params.csv, runs/ddt_logistic_mu_2e-05_2025-03-24/dat_gen/params/logistic_fitness_function.csv, runs/ddt_logistic_mu_2e-05_2025-03-24/dat_gen/params/optim_clin_trial_params.csv
    output: runs/ddt_logistic_mu_2e-05_2025-03-24/dat_gen/sims/sim_clinical_trial.csv
    jobid: 0
    reason: Code has changed since last execution
    resources: tmpdir=C:\Users\meowy\AppData\Local\Temp, log_loc=./log_scr/, mfree=3G, cluster_time=0:02:00:00, mem_mb=3G, disk_free=4G, disk_mb=4G, runtime=120, n_cores=10

[Fri May  9 10:23:20 2025]
Finished job 0.
1 of 1 steps (100%) done
Complete log: .snakemake\log\2025-05-09T102319.921193.snakemake.log
