Building DAG of jobs...
Provided cores: 1 (use --cores to define parallelism)
Rules claiming more threads will be scaled down.
Job stats:
job                count    min threads    max threads
---------------  -------  -------------  -------------
all                    1              1              1
collate_all            1              1              1
collate_all_sup        1              1              1
fig4A                  1              1              1
fig4E                  1              1              1
fig5CD                 1              1              1
gen_fig4               1              1              1
gen_fig5               1              1              1
sfig2                  1              1              1
sfig3                  1              1              1
total                 10              1              1

Select jobs to execute...

[Tue May 13 21:59:06 2025]
rule fig5CD:
    input: runs/ddt_logistic_mu_2e-05_2025-05-09/dat_gen/params/optim_params.csv, runs/ddt_logistic_mu_2e-05_2025-05-09/dat_gen/params/logistic_fitness_function.csv, runs/ddt_logistic_mu_2e-05_2025-05-09/dat_gen/sims/full_stringency_trials.csv
    output: runs/ddt_logistic_mu_2e-05_2025-05-09/res/fig5/C.rds, runs/ddt_logistic_mu_2e-05_2025-05-09/res/fig5/D.rds
    jobid: 22
    reason: Code has changed since last execution
    resources: tmpdir=C:\Users\meowy\AppData\Local\Temp, log_loc=./log_scr/, mfree=3G, cluster_time=0:00:10:00, mem_mb=3G, disk_free=4G, disk_mb=4G, runtime=10, n_cores=1

[Tue May 13 21:59:10 2025]
Finished job 22.
1 of 10 steps (10%) done
Select jobs to execute...

[Tue May 13 21:59:10 2025]
rule gen_fig5:
    input: runs/ddt_logistic_mu_2e-05_2025-05-09/res/fig5/A.rds, runs/ddt_logistic_mu_2e-05_2025-05-09/res/fig5/B.rds, runs/ddt_logistic_mu_2e-05_2025-05-09/res/fig5/C.rds, runs/ddt_logistic_mu_2e-05_2025-05-09/res/fig5/D.rds
    output: runs/ddt_logistic_mu_2e-05_2025-05-09/res/fig5/fig5.pdf
    jobid: 19
    reason: Input files updated by another job: runs/ddt_logistic_mu_2e-05_2025-05-09/res/fig5/D.rds, runs/ddt_logistic_mu_2e-05_2025-05-09/res/fig5/C.rds
    resources: tmpdir=C:\Users\meowy\AppData\Local\Temp, log_loc=./log_scr/, mfree=3G, cluster_time=0:00:10:00, mem_mb=3G, disk_free=4G, disk_mb=4G, runtime=10, n_cores=1

[Tue May 13 21:59:14 2025]
Finished job 19.
2 of 10 steps (20%) done
Select jobs to execute...

[Tue May 13 21:59:14 2025]
rule fig4E:
    input: runs/ddt_logistic_mu_2e-05_2025-05-09/dat_gen/params/optim_params.csv, runs/ddt_logistic_mu_2e-05_2025-05-09/dat_gen/params/logistic_fitness_function.csv, runs/ddt_logistic_mu_2e-05_2025-05-09/dat_gen/sims/traj_for_phase_plane.csv
    output: runs/ddt_logistic_mu_2e-05_2025-05-09/res/fig4/E.rds
    jobid: 14
    reason: Code has changed since last execution
    resources: tmpdir=C:\Users\meowy\AppData\Local\Temp, log_loc=./log_scr/, mfree=3G, cluster_time=0:00:45:00, mem_mb=3G, disk_free=4G, disk_mb=4G, runtime=45, n_cores=10

[Tue May 13 21:59:55 2025]
Finished job 14.
3 of 10 steps (30%) done
Select jobs to execute...

[Tue May 13 21:59:55 2025]
rule fig4A:
    input: runs/ddt_logistic_mu_2e-05_2025-05-09/dat_gen/params/optim_params.csv, runs/ddt_logistic_mu_2e-05_2025-05-09/dat_gen/params/logistic_fitness_function.csv
    output: runs/ddt_logistic_mu_2e-05_2025-05-09/res/fig4/A.rds
    jobid: 12
    reason: Code has changed since last execution
    resources: tmpdir=C:\Users\meowy\AppData\Local\Temp, log_loc=./log_scr/, mfree=3G, cluster_time=0:00:30:00, mem_mb=3G, disk_free=4G, disk_mb=4G, runtime=30, n_cores=10

[Tue May 13 22:00:21 2025]
Finished job 12.
4 of 10 steps (40%) done
Select jobs to execute...

[Tue May 13 22:00:21 2025]
rule gen_fig4:
    input: runs/ddt_logistic_mu_2e-05_2025-05-09/res/fig4/A.rds, runs/ddt_logistic_mu_2e-05_2025-05-09/res/fig4/D.rds, runs/ddt_logistic_mu_2e-05_2025-05-09/res/fig4/E.rds, runs/ddt_logistic_mu_2e-05_2025-05-09/res/fig4/F.rds, runs/ddt_logistic_mu_2e-05_2025-05-09/res/fig4/GH.rds
    output: runs/ddt_logistic_mu_2e-05_2025-05-09/res/fig4/fig4.pdf
    jobid: 11
    reason: Input files updated by another job: runs/ddt_logistic_mu_2e-05_2025-05-09/res/fig4/E.rds, runs/ddt_logistic_mu_2e-05_2025-05-09/res/fig4/A.rds
    resources: tmpdir=C:\Users\meowy\AppData\Local\Temp, log_loc=./log_scr/, mfree=3G, cluster_time=0:00:10:00, mem_mb=3G, disk_free=4G, disk_mb=4G, runtime=10, n_cores=1

[Tue May 13 22:00:25 2025]
Finished job 11.
5 of 10 steps (50%) done
Select jobs to execute...

[Tue May 13 22:00:25 2025]
rule collate_all:
    input: runs/ddt_logistic_mu_2e-05_2025-05-09/res/fig2/fig2.pdf, runs/ddt_logistic_mu_2e-05_2025-05-09/res/fig3/fig3.pdf, runs/ddt_logistic_mu_2e-05_2025-05-09/res/fig4/fig4.pdf, runs/ddt_logistic_mu_2e-05_2025-05-09/res/fig5/fig5.pdf
    output: runs/ddt_logistic_mu_2e-05_2025-05-09/res/all_figs.pdf
    jobid: 1
    reason: Input files updated by another job: runs/ddt_logistic_mu_2e-05_2025-05-09/res/fig5/fig5.pdf, runs/ddt_logistic_mu_2e-05_2025-05-09/res/fig4/fig4.pdf
    resources: tmpdir=C:\Users\meowy\AppData\Local\Temp, log_loc=./log_scr/, mfree=3G, cluster_time=0:00:10:00, mem_mb=3G, disk_free=4G, disk_mb=4G, runtime=10, n_cores=1

[Tue May 13 22:00:26 2025]
Finished job 1.
6 of 10 steps (60%) done
Select jobs to execute...

[Tue May 13 22:00:26 2025]
rule sfig3:
    output: runs/ddt_logistic_mu_2e-05_2025-05-09/res/sup/sfig3/sfig3.pdf
    jobid: 27
    reason: Code has changed since last execution
    resources: tmpdir=C:\Users\meowy\AppData\Local\Temp, log_loc=./log_scr/, mfree=3G, cluster_time=0:00:10:00, mem_mb=3G, disk_free=4G, disk_mb=4G, runtime=10, n_cores=1

[Tue May 13 22:00:43 2025]
Finished job 27.
7 of 10 steps (70%) done
Select jobs to execute...

[Tue May 13 22:00:43 2025]
rule sfig2:
    output: runs/ddt_logistic_mu_2e-05_2025-05-09/res/sup/sfig2/sfig2.pdf
    jobid: 26
    reason: Code has changed since last execution; Params have changed since last execution
    resources: tmpdir=C:\Users\meowy\AppData\Local\Temp, log_loc=./log_scr/, mfree=3G, cluster_time=0:00:10:00, mem_mb=3G, disk_free=4G, disk_mb=4G, runtime=10, n_cores=10

[Tue May 13 22:00:55 2025]
Finished job 26.
8 of 10 steps (80%) done
Select jobs to execute...

[Tue May 13 22:00:55 2025]
rule collate_all_sup:
    input: runs/ddt_logistic_mu_2e-05_2025-05-09/res/sup/sfig1/sfig1.pdf, runs/ddt_logistic_mu_2e-05_2025-05-09/res/sup/sfig2/sfig2.pdf, runs/ddt_logistic_mu_2e-05_2025-05-09/res/sup/sfig3/sfig3.pdf, runs/ddt_logistic_mu_2e-05_2025-05-09/res/sup/sfig4/sfig4.pdf, runs/ddt_logistic_mu_2e-05_2025-05-09/res/sup/sfig5/sfig5.pdf, runs/ddt_logistic_mu_2e-05_2025-05-09/res/sup/sfig6/sfig6.pdf
    output: runs/ddt_logistic_mu_2e-05_2025-05-09/res/all_sfigs.pdf
    jobid: 24
    reason: Input files updated by another job: runs/ddt_logistic_mu_2e-05_2025-05-09/res/sup/sfig2/sfig2.pdf, runs/ddt_logistic_mu_2e-05_2025-05-09/res/sup/sfig3/sfig3.pdf
    resources: tmpdir=C:\Users\meowy\AppData\Local\Temp, log_loc=./log_scr/, mfree=3G, cluster_time=0:00:10:00, mem_mb=3G, disk_free=4G, disk_mb=4G, runtime=10, n_cores=1

[Tue May 13 22:00:56 2025]
Finished job 24.
9 of 10 steps (90%) done
Select jobs to execute...

[Tue May 13 22:00:56 2025]
localrule all:
    input: runs/ddt_logistic_mu_2e-05_2025-05-09/res/all_figs.pdf, runs/ddt_logistic_mu_2e-05_2025-05-09/res/all_sfigs.pdf
    jobid: 0
    reason: Input files updated by another job: runs/ddt_logistic_mu_2e-05_2025-05-09/res/all_figs.pdf, runs/ddt_logistic_mu_2e-05_2025-05-09/res/all_sfigs.pdf
    resources: tmpdir=C:\Users\meowy\AppData\Local\Temp

[Tue May 13 22:00:56 2025]
Finished job 0.
10 of 10 steps (100%) done
Complete log: .snakemake\log\2025-05-13T215905.869482.snakemake.log
